GROUP,PACKAGE,CLASS,INSTRUCTION_MISSED,INSTRUCTION_COVERED,BRANCH_MISSED,BRANCH_COVERED,LINE_MISSED,LINE_COVERED,COMPLEXITY_MISSED,COMPLEXITY_COVERED,METHOD_MISSED,METHOD_COVERED
Unit Test Coverage Report/atlas-api,io.atlasmap.spi,StringDelimiter,0,301,0,8,0,36,0,12,0,8
Unit Test Coverage Report/atlas-api,io.atlasmap.spi,FieldDirection,3,34,0,0,1,6,1,2,1,2
Unit Test Coverage Report/atlas-api,io.atlasmap.spi,AtlasModuleMode,31,45,4,0,5,7,4,2,2,2
Unit Test Coverage Report/atlas-api,io.atlasmap.spi,AtlasPropertyType,44,87,0,4,3,13,2,6,2,4
Unit Test Coverage Report/atlas-api,io.atlasmap.spi,AtlasCombineStrategy,0,4,0,0,0,1,0,1,0,1
Unit Test Coverage Report/atlas-api,io.atlasmap.spi,AtlasConversionConcern,31,115,4,0,5,13,4,3,2,3
Unit Test Coverage Report/atlas-api,io.atlasmap.spi,AtlasSeparateStrategy,0,4,0,0,0,1,0,1,0,1
Unit Test Coverage Report/atlas-api,io.atlasmap.api,AtlasException,0,16,0,0,0,8,0,4,0,4
Unit Test Coverage Report/atlas-api,io.atlasmap.api,AtlasConversionException,0,16,0,0,0,8,0,4,0,4
Unit Test Coverage Report/atlas-api,io.atlasmap.api,AtlasUnsupportedException,12,4,0,0,6,2,3,1,3,1
Unit Test Coverage Report/atlas-api,io.atlasmap.api,AtlasValidationException,16,0,0,0,8,0,4,0,4,0
Unit Test Coverage Report/atlas-api,io.atlasmap.api,AtlasContextFactory.Format,0,24,0,0,0,3,0,1,0,1
Unit Test Coverage Report/atlas-core,io.atlasmap.builder,AtlasField,94,227,11,7,11,58,10,8,1,8
Unit Test Coverage Report/atlas-core,io.atlasmap.builder,DefaultAtlasMappingBuilder,39,84,4,2,10,19,5,8,2,8
Unit Test Coverage Report/atlas-core,io.atlasmap.core,DefaultAtlasSession,0,670,1,97,0,145,1,95,0,47
Unit Test Coverage Report/atlas-core,io.atlasmap.core,DefaultAtlasSeparateStrategy,0,78,0,8,0,19,0,13,0,9
Unit Test Coverage Report/atlas-core,io.atlasmap.core,DefaultAtlasCollectionHelper,31,291,6,46,10,82,5,29,1,7
Unit Test Coverage Report/atlas-core,io.atlasmap.core,DefaultAtlasConversionService.ConverterKey,3,49,4,4,1,8,4,3,0,3
Unit Test Coverage Report/atlas-core,io.atlasmap.core,DefaultAtlasModuleInfoRegistry,18,123,1,13,5,35,1,15,0,9
Unit Test Coverage Report/atlas-core,io.atlasmap.core,DefaultAtlasPropertyStrategy,258,379,33,76,44,102,29,48,0,21
Unit Test Coverage Report/atlas-core,io.atlasmap.core,AtlasPath,135,817,33,107,31,156,30,70,1,29
Unit Test Coverage Report/atlas-core,io.atlasmap.core,DefaultAtlasFieldActionService.new ActionProcessor() {...},222,0,22,0,28,0,16,0,5,0
Unit Test Coverage Report/atlas-core,io.atlasmap.core,DefaultAtlasFieldActionService.new ActionProcessor() {...},59,137,8,12,9,25,7,8,0,5
Unit Test Coverage Report/atlas-core,io.atlasmap.core,DefaultAtlasFieldActionService.new Comparator() {...},0,12,0,0,0,2,0,2,0,2
Unit Test Coverage Report/atlas-core,io.atlasmap.core,DefaultAtlasFunctionResolver,31,187,4,18,3,42,4,12,0,5
Unit Test Coverage Report/atlas-core,io.atlasmap.core,DefaultAtlasContextFactory,162,699,20,58,34,204,23,64,4,44
Unit Test Coverage Report/atlas-core,io.atlasmap.core,DefaultAtlasPreviewContext.PreviewModule,16,143,2,32,10,36,11,21,9,6
Unit Test Coverage Report/atlas-core,io.atlasmap.core,PropertyModule,65,95,6,10,12,33,7,15,1,13
Unit Test Coverage Report/atlas-core,io.atlasmap.core,AtlasUtil,216,836,59,127,62,208,49,76,6,24
Unit Test Coverage Report/atlas-core,io.atlasmap.core,ADMArchiveHandler,209,757,24,72,49,192,23,57,0,32
Unit Test Coverage Report/atlas-core,io.atlasmap.core,DefaultAtlasPreviewContext.new HashMap() {...},0,10,0,0,0,2,0,2,0,2
Unit Test Coverage Report/atlas-core,io.atlasmap.core,TemplateCombineStrategy,11,89,8,12,3,18,7,5,0,2
Unit Test Coverage Report/atlas-core,io.atlasmap.core,DefaultAtlasConversionService.ConverterMethodHolder,0,21,0,0,0,7,0,2,0,2
Unit Test Coverage Report/atlas-core,io.atlasmap.core,DefaultAtlasValidationService.Validators,0,428,0,0,0,53,0,26,0,26
Unit Test Coverage Report/atlas-core,io.atlasmap.core,BaseAtlasModule,173,271,20,28,43,80,42,42,27,33
Unit Test Coverage Report/atlas-core,io.atlasmap.core,DefaultAtlasContext,521,2013,73,223,118,437,66,130,2,46
Unit Test Coverage Report/atlas-core,io.atlasmap.core,DefaultAtlasCombineStrategy,14,212,4,34,6,57,7,28,3,13
Unit Test Coverage Report/atlas-core,io.atlasmap.core,DefaultAtlasConversionService,124,1060,34,196,26,240,35,126,2,25
Unit Test Coverage Report/atlas-core,io.atlasmap.core,DefaultAtlasCompoundClassLoader,28,123,5,15,8,28,5,12,0,7
Unit Test Coverage Report/atlas-core,io.atlasmap.core,DefaultAtlasCustomMappingProcessor,34,50,5,3,8,14,4,4,0,4
Unit Test Coverage Report/atlas-core,io.atlasmap.core,BaseFunctionFactory,0,7,0,0,0,2,0,2,0,2
Unit Test Coverage Report/atlas-core,io.atlasmap.core,DefaultAtlasValidationService,57,640,19,66,10,130,19,43,0,19
Unit Test Coverage Report/atlas-core,io.atlasmap.core,DefaultAtlasExpressionProcessor,76,156,14,22,18,32,13,9,1,3
Unit Test Coverage Report/atlas-core,io.atlasmap.core,DefaultAtlasModuleInfo,0,113,0,8,0,27,0,18,0,14
Unit Test Coverage Report/atlas-core,io.atlasmap.core,AtlasPath.SegmentContext,32,352,14,46,7,65,14,29,1,12
Unit Test Coverage Report/atlas-core,io.atlasmap.core,CompoundClassLoader,0,3,0,0,0,1,0,1,0,1
Unit Test Coverage Report/atlas-core,io.atlasmap.core,DefaultAtlasFieldActionService,423,1812,90,203,81,386,71,116,2,37
Unit Test Coverage Report/atlas-core,io.atlasmap.core,DefaultAtlasSession.HeadImpl,45,72,7,1,9,24,5,12,1,12
Unit Test Coverage Report/atlas-core,io.atlasmap.core,ConstantModule,44,118,5,7,20,35,21,25,16,24
Unit Test Coverage Report/atlas-core,io.atlasmap.core,DefaultAtlasPreviewContext,287,489,30,64,56,107,27,28,0,8
Unit Test Coverage Report/atlas-core,io.atlasmap.functions,ISEMPTY.new BooleanExpression() {...},2,45,2,8,0,8,2,6,0,3
Unit Test Coverage Report/atlas-core,io.atlasmap.functions,LT,5,17,1,1,1,3,1,2,0,2
Unit Test Coverage Report/atlas-core,io.atlasmap.functions,FILTER,27,113,6,10,4,28,6,7,0,5
Unit Test Coverage Report/atlas-core,io.atlasmap.functions,ISEMPTY,5,18,1,1,1,4,1,2,0,2
Unit Test Coverage Report/atlas-core,io.atlasmap.functions,TOLOWER,7,27,2,2,1,6,2,3,0,3
Unit Test Coverage Report/atlas-core,io.atlasmap.functions,SELECT,12,106,3,11,1,22,3,8,0,4
Unit Test Coverage Report/atlas-core,io.atlasmap.functions,IF,5,40,1,3,1,9,1,4,0,3
Unit Test Coverage Report/atlas-core,io.atlasmap.converters,ShortConverter,65,183,18,32,7,35,19,28,6,16
Unit Test Coverage Report/atlas-core,io.atlasmap.converters,StringBufferConverter,112,15,0,0,20,3,20,2,20,2
Unit Test Coverage Report/atlas-core,io.atlasmap.converters,CharBufferConverter,119,8,0,0,21,2,21,1,21,1
Unit Test Coverage Report/atlas-core,io.atlasmap.converters,LocalTimeConverter,158,124,39,13,28,18,34,16,8,16
Unit Test Coverage Report/atlas-core,io.atlasmap.converters,FloatConverter,132,292,33,51,19,56,32,32,6,16
Unit Test Coverage Report/atlas-core,io.atlasmap.converters,StringConverter,31,119,1,1,6,24,4,20,3,20
Unit Test Coverage Report/atlas-core,io.atlasmap.converters,StringBuilderConverter,112,15,0,0,20,3,20,2,20,2
Unit Test Coverage Report/atlas-core,io.atlasmap.converters,GregorianCalendarConverter,2,53,0,0,1,10,1,9,1,9
Unit Test Coverage Report/atlas-core,io.atlasmap.converters,ZonedDateTimeConverter,159,122,42,16,26,18,37,18,8,18
Unit Test Coverage Report/atlas-core,io.atlasmap.converters,DateTimeHelper,19,87,0,2,4,13,4,14,4,13
Unit Test Coverage Report/atlas-core,io.atlasmap.converters,BooleanConverter,65,159,18,40,6,22,16,30,4,13
Unit Test Coverage Report/atlas-core,io.atlasmap.converters,CharSequenceConverter,69,534,19,71,14,143,18,50,1,22
Unit Test Coverage Report/atlas-core,io.atlasmap.converters,SqlDateConverter,14,54,8,6,1,7,8,7,1,7
Unit Test Coverage Report/atlas-core,io.atlasmap.converters,NumberConverter,431,43,28,0,70,9,36,1,22,1
Unit Test Coverage Report/atlas-core,io.atlasmap.converters,DoubleConverter,132,318,33,57,19,54,32,35,6,16
Unit Test Coverage Report/atlas-core,io.atlasmap.converters,EnumConverter,0,6,0,0,0,2,0,2,0,2
Unit Test Coverage Report/atlas-core,io.atlasmap.converters,CharacterConverter,57,137,14,28,5,40,13,25,4,13
Unit Test Coverage Report/atlas-core,io.atlasmap.converters,CalendarConverter,3,14,2,2,0,3,2,3,0,3
Unit Test Coverage Report/atlas-core,io.atlasmap.converters,LongConverter,57,233,17,41,6,44,18,33,6,16
Unit Test Coverage Report/atlas-core,io.atlasmap.converters,LocalDateConverter,158,126,41,15,26,17,36,17,8,17
Unit Test Coverage Report/atlas-core,io.atlasmap.converters,LocalDateTimeConverter,215,76,49,9,35,11,44,11,15,11
Unit Test Coverage Report/atlas-core,io.atlasmap.converters,DateConverter,83,141,19,11,13,31,19,20,4,20
Unit Test Coverage Report/atlas-core,io.atlasmap.converters,SqlTimestampConverter,9,72,9,9,0,10,9,10,0,10
Unit Test Coverage Report/atlas-core,io.atlasmap.converters,IntegerConverter,65,201,17,37,7,34,18,31,6,16
Unit Test Coverage Report/atlas-core,io.atlasmap.converters,BigDecimalConverter,244,147,30,20,46,38,32,15,7,15
Unit Test Coverage Report/atlas-core,io.atlasmap.converters,ByteConverter,128,85,22,20,16,12,23,20,12,10
Unit Test Coverage Report/atlas-core,io.atlasmap.converters,BigIntegerConverter,243,143,30,20,46,38,32,15,7,15
Unit Test Coverage Report/atlas-core,io.atlasmap.converters,SqlTimeConverter,16,55,8,6,1,7,8,7,1,7
Unit Test Coverage Report/atlas-core,io.atlasmap.validators,CompositeValidator,0,68,0,6,0,18,0,8,0,5
Unit Test Coverage Report/atlas-core,io.atlasmap.validators,NonNullValidator,0,78,0,6,0,24,0,7,0,4
Unit Test Coverage Report/atlas-core,io.atlasmap.validators,StringLengthValidator,0,79,2,4,0,20,2,5,0,4
Unit Test Coverage Report/atlas-core,io.atlasmap.validators,NotEmptyValidator,1,83,2,18,1,18,2,13,0,5
Unit Test Coverage Report/atlas-core,io.atlasmap.validators,LookupTableNameValidator,3,132,2,8,2,29,2,10,0,7
Unit Test Coverage Report/atlas-core,io.atlasmap.validators,StringPatternValidator,0,122,1,9,0,32,1,9,0,5
Unit Test Coverage Report/atlas-core,io.atlasmap.validators,PositiveIntegerValidator,1,70,2,8,0,16,2,7,0,4
Unit Test Coverage Report/atlas-core,io.atlasmap.actions,ExpressionFieldAction,7,32,0,4,2,7,0,5,0,3
Unit Test Coverage Report/atlas-core,io.atlasmap.actions,StringComplexFieldActions,11,574,13,153,4,120,13,89,0,19
Unit Test Coverage Report/atlas-core,io.atlasmap.actions,ObjectFieldActions,8,145,5,27,2,32,5,19,0,8
Unit Test Coverage Report/atlas-core,io.atlasmap.actions,NumberFieldActions,18,1176,15,123,2,241,15,74,0,20
Unit Test Coverage Report/atlas-core,io.atlasmap.actions,DateFieldActions,4,84,2,16,0,17,2,16,0,9
Unit Test Coverage Report/atlas-core,io.atlasmap.actions,CollectionActions,3,3,0,0,1,1,1,1,1,1
Unit Test Coverage Report/atlas-core,io.atlasmap.actions,StringSimpleFieldActions,6,200,3,49,1,49,3,39,0,16
Unit Test Coverage Report/atlas-core,io.atlasmap.core.validate,BaseModuleValidationService,109,852,37,119,32,179,40,63,3,22
Unit Test Coverage Report/atlas-core,io.atlasmap.core.validate,MultipleFieldSelectionValidator,77,0,8,0,19,0,6,0,2,0
Unit Test Coverage Report/atlas-core,io.atlasmap.core.validate,MappingFieldPairValidator,136,310,22,50,35,69,18,30,1,11
Unit Test Coverage Report/atlas-model,io.atlasmap.v2,ActionParameter,8,34,0,2,4,12,2,9,2,8
Unit Test Coverage Report/atlas-model,io.atlasmap.v2,Capitalize,0,3,0,0,0,1,0,1,0,1
Unit Test Coverage Report/atlas-model,io.atlasmap.v2,Format,0,10,0,0,0,4,0,3,0,3
Unit Test Coverage Report/atlas-model,io.atlasmap.v2,AuditStatus,31,67,4,0,5,9,4,2,2,2
Unit Test Coverage Report/atlas-model,io.atlasmap.v2,DayOfYear,0,3,0,0,0,1,0,1,0,1
Unit Test Coverage Report/atlas-model,io.atlasmap.v2,Add,0,3,0,0,0,1,0,1,0,1
Unit Test Coverage Report/atlas-model,io.atlasmap.v2,GenerateUUID,0,3,0,0,0,1,0,1,0,1
Unit Test Coverage Report/atlas-model,io.atlasmap.v2,DataSourceMetadata,8,53,0,0,3,23,3,15,3,15
Unit Test Coverage Report/atlas-model,io.atlasmap.v2,FileExtension,0,3,0,0,0,1,0,1,0,1
Unit Test Coverage Report/atlas-model,io.atlasmap.v2,ADMDigest,3,21,0,0,1,9,1,6,1,6
Unit Test Coverage Report/atlas-model,io.atlasmap.v2,Normalize,0,3,0,0,0,1,0,1,0,1
Unit Test Coverage Report/atlas-model,io.atlasmap.v2,Trim,0,3,0,0,0,1,0,1,0,1
Unit Test Coverage Report/atlas-model,io.atlasmap.v2,StringList,0,14,0,2,0,4,0,3,0,2
Unit Test Coverage Report/atlas-model,io.atlasmap.v2,Maximum,0,3,0,0,0,1,0,1,0,1
Unit Test Coverage Report/atlas-model,io.atlasmap.v2,PadStringRight,0,17,0,0,0,7,0,5,0,5
Unit Test Coverage Report/atlas-model,io.atlasmap.v2,DataSourceType,31,34,4,0,5,6,4,2,2,2
Unit Test Coverage Report/atlas-model,io.atlasmap.v2,ReplaceFirst,0,17,0,0,0,7,0,5,0,5
Unit Test Coverage Report/atlas-model,io.atlasmap.v2,TrimLeft,0,3,0,0,0,1,0,1,0,1
Unit Test Coverage Report/atlas-model,io.atlasmap.v2,DayOfMonth,0,3,0,0,0,1,0,1,0,1
Unit Test Coverage Report/atlas-model,io.atlasmap.v2,AtlasJsonModule,0,11,0,0,0,3,0,2,0,2
Unit Test Coverage Report/atlas-model,io.atlasmap.v2,DistanceUnitType,5,93,1,3,1,13,1,5,0,4
Unit Test Coverage Report/atlas-model,io.atlasmap.v2,Mapping,0,81,0,4,0,31,0,21,0,19
Unit Test Coverage Report/atlas-model,io.atlasmap.v2,InspectionType,3,45,0,0,1,7,1,2,1,2
Unit Test Coverage Report/atlas-model,io.atlasmap.v2,CopyTo,0,34,0,0,0,9,0,6,0,6
Unit Test Coverage Report/atlas-model,io.atlasmap.v2,Fields,0,14,0,2,0,4,0,3,0,2
Unit Test Coverage Report/atlas-model,io.atlasmap.v2,LastIndexOf,0,10,0,0,0,4,0,3,0,3
Unit Test Coverage Report/atlas-model,io.atlasmap.v2,AreaUnitType,5,71,1,3,1,11,1,5,0,4
Unit Test Coverage Report/atlas-model,io.atlasmap.v2,Average,0,3,0,0,0,1,0,1,0,1
Unit Test Coverage Report/atlas-model,io.atlasmap.v2,AtlasSchemaFactoryWrapper.new JsonSchemaFactory() {...},7,10,0,0,3,2,2,2,2,2
Unit Test Coverage Report/atlas-model,io.atlasmap.v2,ValidationScope,28,81,4,0,4,11,3,3,1,3
Unit Test Coverage Report/atlas-model,io.atlasmap.v2,StringMap,0,14,0,2,0,4,0,3,0,2
Unit Test Coverage Report/atlas-model,io.atlasmap.v2,AtlasSchemaFactoryWrapper.ExtendedJsonSchema,7,0,0,0,2,0,1,0,1,0
Unit Test Coverage Report/atlas-model,io.atlasmap.v2,FieldType,5,357,1,3,1,37,1,5,0,4
Unit Test Coverage Report/atlas-model,io.atlasmap.v2,Constant,0,24,0,0,0,10,0,7,0,7
Unit Test Coverage Report/atlas-model,io.atlasmap.v2,LookupTables,0,14,0,2,0,4,0,3,0,2
Unit Test Coverage Report/atlas-model,io.atlasmap.v2,Concatenate,0,21,0,0,0,8,0,5,0,5
Unit Test Coverage Report/atlas-model,io.atlasmap.v2,Audits,0,14,0,2,0,4,0,3,0,2
Unit Test Coverage Report/atlas-model,io.atlasmap.v2,Divide,0,3,0,0,0,1,0,1,0,1
Unit Test Coverage Report/atlas-model,io.atlasmap.v2,CollectionType,5,93,1,3,1,13,1,5,0,4
Unit Test Coverage Report/atlas-model,io.atlasmap.v2,Repeat,0,10,0,0,0,4,0,3,0,3
Unit Test Coverage Report/atlas-model,io.atlasmap.v2,AddDays,0,10,0,0,0,4,0,3,0,3
Unit Test Coverage Report/atlas-model,io.atlasmap.v2,Multiply,0,3,0,0,0,1,0,1,0,1
Unit Test Coverage Report/atlas-model,io.atlasmap.v2,SeparateByDash,0,3,0,0,0,1,0,1,0,1
Unit Test Coverage Report/atlas-model,io.atlasmap.v2,VolumeUnitType,5,82,1,3,1,12,1,5,0,4
Unit Test Coverage Report/atlas-model,io.atlasmap.v2,MassUnitType,5,60,1,3,1,10,1,5,0,4
Unit Test Coverage Report/atlas-model,io.atlasmap.v2,Camelize,0,3,0,0,0,1,0,1,0,1
Unit Test Coverage Report/atlas-model,io.atlasmap.v2,AtlasJsonModule.new VersionUtil() {...},0,3,0,0,0,1,0,1,0,1
Unit Test Coverage Report/atlas-model,io.atlasmap.v2,ConvertVolumeUnit,0,17,0,0,0,7,0,5,0,5
Unit Test Coverage Report/atlas-model,io.atlasmap.v2,ValueContainer,0,10,0,0,0,4,0,3,0,3
Unit Test Coverage Report/atlas-model,io.atlasmap.v2,MockField,0,17,0,0,0,7,0,5,0,5
Unit Test Coverage Report/atlas-model,io.atlasmap.v2,Lowercase,0,3,0,0,0,1,0,1,0,1
Unit Test Coverage Report/atlas-model,io.atlasmap.v2,TargetDocument,17,0,0,0,7,0,5,0,5,0
Unit Test Coverage Report/atlas-model,io.atlasmap.v2,Mappings,0,14,0,2,0,4,0,3,0,2
Unit Test Coverage Report/atlas-model,io.atlasmap.v2,Append,0,10,0,0,0,4,0,3,0,3
Unit Test Coverage Report/atlas-model,io.atlasmap.v2,SimpleResolver,32,129,7,11,6,31,10,10,4,7
Unit Test Coverage Report/atlas-model,io.atlasmap.v2,Round,0,3,0,0,0,1,0,1,0,1
Unit Test Coverage Report/atlas-model,io.atlasmap.v2,AtlasHandlerInstantiator,8,22,1,3,4,8,4,4,3,3
Unit Test Coverage Report/atlas-model,io.atlasmap.v2,AtlasModelFactory,285,412,39,46,62,103,34,30,6,15
Unit Test Coverage Report/atlas-model,io.atlasmap.v2,Length,0,3,0,0,0,1,0,1,0,1
Unit Test Coverage Report/atlas-model,io.atlasmap.v2,IndexOf,0,10,0,0,0,4,0,3,0,3
Unit Test Coverage Report/atlas-model,io.atlasmap.v2,Uppercase,0,3,0,0,0,1,0,1,0,1
Unit Test Coverage Report/atlas-model,io.atlasmap.v2,Contains,0,10,0,0,0,4,0,3,0,3
Unit Test Coverage Report/atlas-model,io.atlasmap.v2,EndsWith,0,10,0,0,0,4,0,3,0,3
Unit Test Coverage Report/atlas-model,io.atlasmap.v2,Constants,0,14,0,2,0,4,0,3,0,2
Unit Test Coverage Report/atlas-model,io.atlasmap.v2,Ceiling,0,3,0,0,0,1,0,1,0,1
Unit Test Coverage Report/atlas-model,io.atlasmap.v2,AtlasSchemaFactoryWrapper.ExtendedStringSchema,0,20,0,0,0,6,0,3,0,3
Unit Test Coverage Report/atlas-model,io.atlasmap.v2,ActionDetail,5,125,1,1,2,43,1,20,0,20
Unit Test Coverage Report/atlas-model,io.atlasmap.v2,SubStringAfter,0,24,0,0,0,10,0,7,0,7
Unit Test Coverage Report/atlas-model,io.atlasmap.v2,ValidationStatus,28,70,4,0,4,10,3,3,1,3
Unit Test Coverage Report/atlas-model,io.atlasmap.v2,FieldGroup,0,14,0,2,0,4,0,3,0,2
Unit Test Coverage Report/atlas-model,io.atlasmap.v2,ConvertDistanceUnit,0,17,0,0,0,7,0,5,0,5
Unit Test Coverage Report/atlas-model,io.atlasmap.v2,Count,0,3,0,0,0,1,0,1,0,1
Unit Test Coverage Report/atlas-model,io.atlasmap.v2,AtlasMapping,0,49,0,2,0,19,0,13,0,12
Unit Test Coverage Report/atlas-model,io.atlasmap.v2,DataSource,8,44,0,0,4,18,2,13,2,13
Unit Test Coverage Report/atlas-model,io.atlasmap.v2,ProcessMappingResponse,4,20,0,0,2,8,1,6,1,6
Unit Test Coverage Report/atlas-model,io.atlasmap.v2,SeparateByUnderscore,0,3,0,0,0,1,0,1,0,1
Unit Test Coverage Report/atlas-model,io.atlasmap.v2,LowercaseChar,0,3,0,0,0,1,0,1,0,1
Unit Test Coverage Report/atlas-model,io.atlasmap.v2,CustomAction,0,38,0,0,0,16,0,11,0,11
Unit Test Coverage Report/atlas-model,io.atlasmap.v2,Audit,0,45,0,0,0,19,0,13,0,13
Unit Test Coverage Report/atlas-model,io.atlasmap.v2,SimpleField,0,3,0,0,0,1,0,1,0,1
Unit Test Coverage Report/atlas-model,io.atlasmap.v2,Subtract,0,3,0,0,0,1,0,1,0,1
Unit Test Coverage Report/atlas-model,io.atlasmap.v2,ActionResolver,29,70,0,4,7,18,6,9,6,7
Unit Test Coverage Report/atlas-model,io.atlasmap.v2,Expression,0,10,0,0,0,4,0,3,0,3
Unit Test Coverage Report/atlas-model,io.atlasmap.v2,RemoveFileExtension,0,3,0,0,0,1,0,1,0,1
Unit Test Coverage Report/atlas-model,io.atlasmap.v2,Floor,0,3,0,0,0,1,0,1,0,1
Unit Test Coverage Report/atlas-model,io.atlasmap.v2,PropertyField,0,10,0,0,0,4,0,3,0,3
Unit Test Coverage Report/atlas-model,io.atlasmap.v2,FieldStatus,31,78,4,0,5,10,4,2,2,2
Unit Test Coverage Report/atlas-model,io.atlasmap.v2,CurrentTime,0,3,0,0,0,1,0,1,0,1
Unit Test Coverage Report/atlas-model,io.atlasmap.v2,Minimum,0,3,0,0,0,1,0,1,0,1
Unit Test Coverage Report/atlas-model,io.atlasmap.v2,FieldAction,0,4,0,0,0,1,0,1,0,1
Unit Test Coverage Report/atlas-model,io.atlasmap.v2,Properties,0,14,0,2,0,4,0,3,0,2
Unit Test Coverage Report/atlas-model,io.atlasmap.v2,CurrentDateTime,0,3,0,0,0,1,0,1,0,1
Unit Test Coverage Report/atlas-model,io.atlasmap.v2,AtlasMappingResult,21,0,2,0,7,0,5,0,4,0
Unit Test Coverage Report/atlas-model,io.atlasmap.v2,Collection,0,24,0,0,0,10,0,7,0,7
Unit Test Coverage Report/atlas-model,io.atlasmap.v2,Field,4,90,0,0,2,38,1,26,1,26
Unit Test Coverage Report/atlas-model,io.atlasmap.v2,Validations,0,14,0,2,0,4,0,3,0,2
Unit Test Coverage Report/atlas-model,io.atlasmap.v2,Json,0,46,0,0,0,12,0,3,0,3
Unit Test Coverage Report/atlas-model,io.atlasmap.v2,BaseInspectionRequest,0,10,0,0,0,4,0,3,0,3
Unit Test Coverage Report/atlas-model,io.atlasmap.v2,AddSeconds,0,10,0,0,0,4,0,3,0,3
Unit Test Coverage Report/atlas-model,io.atlasmap.v2,ConstantField,0,3,0,0,0,1,0,1,0,1
Unit Test Coverage Report/atlas-model,io.atlasmap.v2,Multiplicity,31,67,4,0,5,9,4,2,2,2
Unit Test Coverage Report/atlas-model,io.atlasmap.v2,CustomMapping,0,10,0,0,0,4,0,3,0,3
Unit Test Coverage Report/atlas-model,io.atlasmap.v2,UppercaseChar,0,3,0,0,0,1,0,1,0,1
Unit Test Coverage Report/atlas-model,io.atlasmap.v2,BaseMapping,0,24,0,0,0,10,0,7,0,7
Unit Test Coverage Report/atlas-model,io.atlasmap.v2,DataSourceKey,9,58,8,10,2,10,8,4,0,3
Unit Test Coverage Report/atlas-model,io.atlasmap.v2,Document,0,10,0,0,0,4,0,3,0,3
Unit Test Coverage Report/atlas-model,io.atlasmap.v2,StartsWith,0,10,0,0,0,4,0,3,0,3
Unit Test Coverage Report/atlas-model,io.atlasmap.v2,MappingType,31,89,4,0,5,11,4,2,2,2
Unit Test Coverage Report/atlas-model,io.atlasmap.v2,LookupEntry,0,31,0,0,0,13,0,9,0,9
Unit Test Coverage Report/atlas-model,io.atlasmap.v2,ActionListUpgradeDeserializer,0,135,3,11,0,35,3,7,0,3
Unit Test Coverage Report/atlas-model,io.atlasmap.v2,DayOfWeek,0,3,0,0,0,1,0,1,0,1
Unit Test Coverage Report/atlas-model,io.atlasmap.v2,LookupTable,0,28,0,2,0,10,0,7,0,6
Unit Test Coverage Report/atlas-model,io.atlasmap.v2,NumberType,31,100,4,0,5,12,4,2,2,2
Unit Test Coverage Report/atlas-model,io.atlasmap.v2,Equals,0,10,0,0,0,4,0,3,0,3
Unit Test Coverage Report/atlas-model,io.atlasmap.v2,ActionParameters,0,14,0,2,0,4,0,3,0,2
Unit Test Coverage Report/atlas-model,io.atlasmap.v2,StringMapEntry,0,17,0,0,0,7,0,5,0,5
Unit Test Coverage Report/atlas-model,io.atlasmap.v2,AbsoluteValue,0,3,0,0,0,1,0,1,0,1
Unit Test Coverage Report/atlas-model,io.atlasmap.v2,CurrentDate,0,3,0,0,0,1,0,1,0,1
Unit Test Coverage Report/atlas-model,io.atlasmap.v2,PadStringLeft,0,17,0,0,0,7,0,5,0,5
Unit Test Coverage Report/atlas-model,io.atlasmap.v2,Property,4,34,0,0,2,14,1,10,1,10
Unit Test Coverage Report/atlas-model,io.atlasmap.v2,ReplaceAll,0,17,0,0,0,7,0,5,0,5
Unit Test Coverage Report/atlas-model,io.atlasmap.v2,TrimRight,0,3,0,0,0,1,0,1,0,1
Unit Test Coverage Report/atlas-model,io.atlasmap.v2,Prepend,0,10,0,0,0,4,0,3,0,3
Unit Test Coverage Report/atlas-model,io.atlasmap.v2,SubStringBefore,0,24,0,0,0,10,0,7,0,7
Unit Test Coverage Report/atlas-model,io.atlasmap.v2,Split,0,22,0,0,0,8,0,5,0,5
Unit Test Coverage Report/atlas-model,io.atlasmap.v2,ConvertMassUnit,0,17,0,0,0,7,0,5,0,5
Unit Test Coverage Report/atlas-model,io.atlasmap.v2,ItemAt,0,10,0,0,0,4,0,3,0,3
Unit Test Coverage Report/atlas-model,io.atlasmap.v2,Action,0,8,0,0,0,2,0,2,0,2
Unit Test Coverage Report/atlas-model,io.atlasmap.v2,SubString,0,17,0,0,0,7,0,5,0,5
Unit Test Coverage Report/atlas-model,io.atlasmap.v2,AtlasSchemaFactoryWrapper,0,36,0,2,0,9,0,3,0,2
Unit Test Coverage Report/atlas-model,io.atlasmap.v2,ActionDetails,0,14,0,2,0,4,0,3,0,2
Unit Test Coverage Report/atlas-model,io.atlasmap.v2,IsNull,0,3,0,0,0,1,0,1,0,1
Unit Test Coverage Report/atlas-model,io.atlasmap.v2,MappingFileType,3,67,0,0,1,9,1,2,1,2
Unit Test Coverage Report/atlas-model,io.atlasmap.v2,AtlasSchemaFactoryWrapper.AtlasWrapperFactory,11,15,3,1,4,5,3,1,1,1
Unit Test Coverage Report/atlas-model,io.atlasmap.v2,ProcessMappingRequest,4,13,0,0,2,5,1,4,1,4
Unit Test Coverage Report/atlas-model,io.atlasmap.v2,MockDocument,3,0,0,0,1,0,1,0,1,0
Unit Test Coverage Report/atlas-model,io.atlasmap.v2,Validation,11,52,0,4,5,16,2,13,2,11
Unit Test Coverage Report/atlas-model,io.atlasmap.v2,ConvertAreaUnit,0,17,0,0,0,7,0,5,0,5
Unit Test Coverage Report/atlas-service,io.atlasmap.service,AtlasService,455,697,42,41,97,174,39,36,6,25
Unit Test Coverage Report/atlas-service,io.atlasmap.service,AtlasLibraryLoader.new Enumeration() {...},0,23,0,0,0,4,0,3,0,3
Unit Test Coverage Report/atlas-service,io.atlasmap.service,AtlasLibraryLoader,200,443,30,52,48,95,28,29,3,13
Unit Test Coverage Report/atlas-service,io.atlasmap.service,AtlasService.new AtlasLibraryLoader.AtlasLibraryLoaderListener() {...},0,27,0,0,0,6,0,2,0,2
Unit Test Coverage Report/atlas-service,io.atlasmap.service.lsp,AtlasExpressionLSPService,0,52,0,0,0,15,0,6,0,6
Unit Test Coverage Report/atlas-service,io.atlasmap.service.lsp,AtlasExpressionWorkspaceService,2,3,0,0,2,1,2,1,2,1
Unit Test Coverage Report/atlas-service,io.atlasmap.service.lsp,AtlasExpressionLanguageServer,6,55,0,0,3,14,3,7,3,7
Unit Test Coverage Report/atlas-service,io.atlasmap.service.lsp,AtlasExpressionTextDocumentService,4,3,0,0,4,1,4,1,4,1
Unit Test Coverage Report/atlas-service,io.atlasmap.service.lsp,AtlasExpressionLSPServerEndpointConfig,13,0,0,0,6,0,3,0,3,0
Unit Test Coverage Report/atlas-java-core,io.atlasmap.java.core,JavaFieldReader,295,409,29,51,49,97,22,28,1,9
Unit Test Coverage Report/atlas-java-core,io.atlasmap.java.core,JavaFieldWriterUtil,615,1014,78,118,106,245,63,58,1,22
Unit Test Coverage Report/atlas-java-core,io.atlasmap.java.core,StringUtil,17,96,5,15,6,20,6,8,1,3
Unit Test Coverage Report/atlas-java-core,io.atlasmap.java.core,JavaFieldWriter,119,462,21,65,28,118,18,38,1,12
Unit Test Coverage Report/atlas-java-core,io.atlasmap.java.core,JdkPackages,13,931,4,8,4,14,5,7,1,5
Unit Test Coverage Report/atlas-java-core,io.atlasmap.java.core,TargetValueConverter,173,353,16,62,30,88,15,31,1,6
Unit Test Coverage Report/atlas-java-core,io.atlasmap.java.core,ClassHelper,224,353,44,42,55,67,35,24,7,9
Unit Test Coverage Report/atlas-java-core,io.atlasmap.java.inspect,JarClassLoader,113,0,12,0,23,0,12,0,6,0
Unit Test Coverage Report/atlas-java-core,io.atlasmap.java.inspect,ClassInspectionService,343,1926,88,238,88,421,83,119,6,33
Unit Test Coverage Report/atlas-java-core,io.atlasmap.java.core.accessor,RootAccessor,2,12,0,0,1,4,1,3,1,3
Unit Test Coverage Report/atlas-java-core,io.atlasmap.java.core.accessor,FieldAccessor,31,0,0,0,9,0,4,0,4,0
Unit Test Coverage Report/atlas-java-core,io.atlasmap.java.core.accessor,GetterAccessor,10,23,0,0,3,6,1,3,1,3
Unit Test Coverage Report/atlas-java-core,io.atlasmap.java.core.accessor,JavaChildAccessor,66,127,13,19,15,27,10,14,2,6
Unit Test Coverage Report/atlas-java-model,io.atlasmap.java.v2,JavaCollection,80,6,18,0,26,2,12,2,3,2
Unit Test Coverage Report/atlas-java-model,io.atlasmap.java.v2,AtlasJavaModelFactory,52,164,7,11,8,41,7,8,1,5
Unit Test Coverage Report/atlas-java-model,io.atlasmap.java.v2,JavaEnumFields,106,14,36,2,21,4,20,3,2,2
Unit Test Coverage Report/atlas-java-model,io.atlasmap.java.v2,Modifier,31,177,4,0,5,19,4,2,2,2
Unit Test Coverage Report/atlas-java-model,io.atlasmap.java.v2,JavaField,476,73,118,0,154,31,61,21,2,21
Unit Test Coverage Report/atlas-java-model,io.atlasmap.java.v2,JavaClass,436,73,108,0,141,31,56,21,2,21
Unit Test Coverage Report/atlas-java-model,io.atlasmap.java.v2,JavaFields,106,14,36,2,21,4,20,3,2,2
Unit Test Coverage Report/atlas-java-model,io.atlasmap.java.v2,JavaEnumField,156,27,38,0,50,11,21,7,2,7
Unit Test Coverage Report/atlas-java-model,io.atlasmap.java.v2,ClassInspectionRequest,435,61,106,0,144,25,58,18,5,18
Unit Test Coverage Report/atlas-java-model,io.atlasmap.java.v2,ClassInspectionResponse,147,20,36,0,49,8,21,6,3,6
Unit Test Coverage Report/atlas-java-model,io.atlasmap.java.v2,ModifierList,106,14,36,2,21,4,20,3,2,2
Unit Test Coverage Report/atlas-java-module,io.atlasmap.java.module,JavaMappingFieldPairValidator,127,45,16,14,27,11,13,8,4,2
Unit Test Coverage Report/atlas-java-module,io.atlasmap.java.module,JavaValidationService,116,253,5,19,19,56,7,16,2,9
Unit Test Coverage Report/atlas-java-module,io.atlasmap.java.module,JavaModule,261,530,38,62,39,121,38,27,3,12
Unit Test Coverage Report/atlas-java-service,io.atlasmap.java.service,JavaService,93,116,10,12,15,34,8,10,1,6
Unit Test Coverage Report/atlas-json-core,io.atlasmap.json.inspect,JsonInspectionException,5,8,0,0,2,4,1,2,1,2
Unit Test Coverage Report/atlas-json-core,io.atlasmap.json.inspect,JsonInspectionService,0,76,1,19,0,14,1,13,0,4
Unit Test Coverage Report/atlas-json-core,io.atlasmap.json.inspect,JsonSchemaInspector.JsonFieldBuilder,0,68,0,4,0,18,0,4,0,2
Unit Test Coverage Report/atlas-json-core,io.atlasmap.json.inspect,JsonSchemaInspector,102,562,28,70,25,129,24,37,0,12
Unit Test Coverage Report/atlas-json-core,io.atlasmap.json.inspect,JsonInstanceInspector,125,390,26,50,31,94,21,24,0,7
Unit Test Coverage Report/atlas-json-core,io.atlasmap.json.core,JsonFieldReader,343,573,36,72,68,138,26,40,2,10
Unit Test Coverage Report/atlas-json-core,io.atlasmap.json.core,JsonFieldWriter,253,550,41,99,48,138,37,43,1,9
Unit Test Coverage Report/atlas-json-model,io.atlasmap.json.v2,JsonDocument,33,3,8,0,10,1,6,1,2,1
Unit Test Coverage Report/atlas-json-model,io.atlasmap.json.v2,JsonInspectionRequest,279,29,66,0,94,11,39,9,6,9
Unit Test Coverage Report/atlas-json-model,io.atlasmap.json.v2,JsonComplexType,120,31,28,0,39,12,17,9,3,9
Unit Test Coverage Report/atlas-json-model,io.atlasmap.json.v2,JsonField,196,24,48,0,63,10,26,7,2,7
Unit Test Coverage Report/atlas-json-model,io.atlasmap.json.v2,JsonEnumFields,106,14,36,2,21,4,20,3,2,2
Unit Test Coverage Report/atlas-json-model,io.atlasmap.json.v2,JsonEnumField,88,12,18,0,30,4,14,4,5,4
Unit Test Coverage Report/atlas-json-model,io.atlasmap.json.v2,AtlasJsonModelFactory,42,105,3,5,8,28,5,7,2,6
Unit Test Coverage Report/atlas-json-model,io.atlasmap.json.v2,JsonFields,106,14,36,2,21,4,20,3,2,2
Unit Test Coverage Report/atlas-json-model,io.atlasmap.json.v2,InspectionType,31,56,4,0,5,8,4,2,2,2
Unit Test Coverage Report/atlas-json-model,io.atlasmap.json.v2,JsonInspectionResponse,147,20,36,0,49,8,21,6,3,6
Unit Test Coverage Report/atlas-json-model,io.atlasmap.json.v2,JsonDataSource,76,10,18,0,24,4,11,3,2,3
Unit Test Coverage Report/atlas-json-module,io.atlasmap.json.module,JsonValidationService,3,99,0,4,2,21,1,9,1,7
Unit Test Coverage Report/atlas-json-module,io.atlasmap.json.module,JsonModule,207,429,24,48,31,100,21,28,1,12
Unit Test Coverage Report/atlas-json-service,io.atlasmap.json.service,JsonService,48,100,7,10,14,22,8,9,1,7
Unit Test Coverage Report/atlas-xml-core,io.atlasmap.xml.core.schema,AtlasXmlSchemaSetParser.NoopErrorHandler,20,10,5,1,7,3,5,2,2,2
Unit Test Coverage Report/atlas-xml-core,io.atlasmap.xml.core.schema,AtlasXmlSchemaSetParser,49,385,7,27,17,89,9,24,2,14
Unit Test Coverage Report/atlas-xml-core,io.atlasmap.xml.core.schema,AtlasRewritingXSVisitor,116,188,25,23,39,45,31,13,13,7
Unit Test Coverage Report/atlas-xml-core,io.atlasmap.xml.core.schema,XSOMClasspathEntityResolver,9,52,6,10,5,13,6,4,0,2
Unit Test Coverage Report/atlas-xml-core,io.atlasmap.xml.core.schema,XSOMErrorHandler,8,9,0,0,3,3,2,3,2,3
Unit Test Coverage Report/atlas-xml-core,io.atlasmap.xml.inspect,XmlInstanceInspector,18,711,12,102,6,156,12,66,0,21
Unit Test Coverage Report/atlas-xml-core,io.atlasmap.xml.inspect,XmlInspectionService,28,104,3,13,7,27,3,12,1,6
Unit Test Coverage Report/atlas-xml-core,io.atlasmap.xml.inspect,XmlInspectionException,4,9,0,0,2,4,1,2,1,2
Unit Test Coverage Report/atlas-xml-core,io.atlasmap.xml.inspect,XmlSchemaInspector,43,1044,24,96,12,249,25,60,1,23
Unit Test Coverage Report/atlas-xml-core,io.atlasmap.xml.inspect,SimpleTypeRestriction,19,152,4,22,3,35,4,11,0,2
Unit Test Coverage Report/atlas-xml-core,io.atlasmap.xml.core,XmlCollectionHelper,0,9,0,0,0,3,0,2,0,2
Unit Test Coverage Report/atlas-xml-core,io.atlasmap.xml.core,XmlFieldTransformer,5,93,2,10,1,23,2,8,0,4
Unit Test Coverage Report/atlas-xml-core,io.atlasmap.xml.core,AtlasXmlNamespaceContext,38,90,7,5,6,18,7,8,2,7
Unit Test Coverage Report/atlas-xml-core,io.atlasmap.xml.core,XmlFieldReader,179,709,29,93,31,156,26,46,1,10
Unit Test Coverage Report/atlas-xml-core,io.atlasmap.xml.core,AtlasXmlConstants,3,0,0,0,1,0,1,0,1,0
Unit Test Coverage Report/atlas-xml-core,io.atlasmap.xml.core,XmlFieldWriter,322,627,43,99,48,159,45,44,7,11
Unit Test Coverage Report/atlas-xml-core,io.atlasmap.xml.core,XmlPath.XmlSegmentContext,82,115,8,12,8,23,7,9,1,5
Unit Test Coverage Report/atlas-xml-core,io.atlasmap.xml.core,XmlPath,49,169,14,20,9,41,12,12,1,6
Unit Test Coverage Report/atlas-xml-core,io.atlasmap.xml.core,XmlIOHelper,12,160,3,23,5,40,3,15,0,5
Unit Test Coverage Report/atlas-xml-model,io.atlasmap.xml.v2,XmlComplexType,288,37,68,0,95,14,39,11,5,11
Unit Test Coverage Report/atlas-xml-model,io.atlasmap.xml.v2,XmlField,356,56,88,0,115,23,46,15,2,15
Unit Test Coverage Report/atlas-xml-model,io.atlasmap.xml.v2,XmlInspectionRequest,279,29,66,0,94,11,39,9,6,9
Unit Test Coverage Report/atlas-xml-model,io.atlasmap.xml.v2,XmlEnumField,164,27,38,0,54,10,23,7,4,7
Unit Test Coverage Report/atlas-xml-model,io.atlasmap.xml.v2,RestrictionType,5,192,1,3,1,22,1,5,0,4
Unit Test Coverage Report/atlas-xml-model,io.atlasmap.xml.v2,InspectionType,31,56,4,0,5,8,4,2,2,2
Unit Test Coverage Report/atlas-xml-model,io.atlasmap.xml.v2,XmlDataSource,116,17,28,0,37,7,16,5,2,5
Unit Test Coverage Report/atlas-xml-model,io.atlasmap.xml.v2,XmlNamespaces,106,14,36,2,21,4,20,3,2,2
Unit Test Coverage Report/atlas-xml-model,io.atlasmap.xml.v2,NodeType,31,56,4,0,5,8,4,2,2,2
Unit Test Coverage Report/atlas-xml-model,io.atlasmap.xml.v2,Restriction,103,17,26,0,34,7,15,5,2,5
Unit Test Coverage Report/atlas-xml-model,io.atlasmap.xml.v2,XmlFields,106,14,36,2,21,4,20,3,2,2
Unit Test Coverage Report/atlas-xml-model,io.atlasmap.xml.v2,XmlNamespace,183,31,46,0,60,13,25,9,2,9
Unit Test Coverage Report/atlas-xml-model,io.atlasmap.xml.v2,XmlEnumFields,106,14,36,2,21,4,20,3,2,2
Unit Test Coverage Report/atlas-xml-model,io.atlasmap.xml.v2,Restrictions,106,14,36,2,21,4,20,3,2,2
Unit Test Coverage Report/atlas-xml-model,io.atlasmap.xml.v2,XmlInspectionResponse,147,20,36,0,49,8,21,6,3,6
Unit Test Coverage Report/atlas-xml-model,io.atlasmap.xml.v2,XmlDocument,76,10,18,0,24,4,11,3,2,3
Unit Test Coverage Report/atlas-xml-model,io.atlasmap.xml.v2,AtlasXmlModelFactory,10,117,2,6,2,31,3,8,1,6
Unit Test Coverage Report/atlas-xml-module,io.atlasmap.xml.module,XmlValidationService,13,176,5,17,3,37,6,13,1,7
Unit Test Coverage Report/atlas-xml-module,io.atlasmap.xml.module,XmlModule,262,627,38,70,46,147,33,41,1,19
Unit Test Coverage Report/atlas-xml-service,io.atlasmap.xml.service,XmlService,43,71,3,2,12,17,4,6,1,6
Unit Test Coverage Report/atlas-csv-core,io.atlasmap.csv.core,CsvFieldReader,150,333,21,23,34,84,14,13,0,5
Unit Test Coverage Report/atlas-csv-core,io.atlasmap.csv.core,CsvFieldWriter,6,373,0,46,2,88,0,28,0,5
Unit Test Coverage Report/atlas-csv-core,io.atlasmap.csv.core,CsvConfig,237,244,50,26,41,56,52,26,14,20
Unit Test Coverage Report/atlas-csv-model,io.atlasmap.csv.v2,CsvField,0,24,0,0,0,8,0,4,0,4
Unit Test Coverage Report/atlas-csv-model,io.atlasmap.csv.v2,CsvFields,106,14,36,2,21,4,20,3,2,2
Unit Test Coverage Report/atlas-csv-model,io.atlasmap.csv.v2,CsvDataSource,80,6,18,0,26,2,12,2,3,2
Unit Test Coverage Report/atlas-csv-model,io.atlasmap.csv.v2,CsvComplexType,124,13,28,0,40,5,18,4,4,4
Unit Test Coverage Report/atlas-csv-model,io.atlasmap.csv.v2,CsvInspectionResponse,4,20,0,0,2,8,1,6,1,6
Unit Test Coverage Report/atlas-csv-module,io.atlasmap.csv.module,CsvModule,115,156,14,14,17,42,15,11,2,10
Unit Test Coverage Report/atlas-csv-module,io.atlasmap.csv.module,CsvValidationService,26,0,2,0,7,0,6,0,5,0
Unit Test Coverage Report/atlas-csv-service,io.atlasmap.csv.service,CsvService,52,99,5,7,11,30,6,5,1,4
Unit Test Coverage Report/atlas-dfdl-core,io.atlasmap.dfdl.core.schema,CsvDfdlSchemaGenerator.NamespaceResolver,57,35,8,0,11,7,6,2,2,2
Unit Test Coverage Report/atlas-dfdl-core,io.atlasmap.dfdl.core.schema,CsvDfdlSchemaGenerator,47,165,6,14,5,32,9,8,3,4
Unit Test Coverage Report/atlas-dfdl-core,io.atlasmap.dfdl.core.schema,CsvDfdlSchemaGenerator.Options,0,48,0,0,0,8,0,3,0,3
Unit Test Coverage Report/atlas-dfdl-core,io.atlasmap.dfdl.inspect,DfdlInspectionService,0,27,0,0,0,7,0,3,0,3
Unit Test Coverage Report/atlas-dfdl-core,io.atlasmap.dfdl.inspect,DfdlInspector,29,115,3,3,7,27,4,5,1,5
Unit Test Coverage Report/atlas-dfdl-core,io.atlasmap.dfdl.core,DfdlSchemaResolver,21,87,3,5,3,23,3,3,0,2
Unit Test Coverage Report/atlas-dfdl-core,io.atlasmap.dfdl.core,DfdlConstants,3,0,0,0,1,0,1,0,1,0
Unit Test Coverage Report/atlas-dfdl-model,io.atlasmap.dfdl.v2,AtlasDfdlModelFactory,3,0,0,0,1,0,1,0,1,0
Unit Test Coverage Report/atlas-dfdl-model,io.atlasmap.dfdl.v2,DfdlInspectionRequest,96,18,24,0,34,6,15,4,3,4
Unit Test Coverage Report/atlas-dfdl-model,io.atlasmap.dfdl.v2,DfdlInspectionResponse,0,3,0,0,0,1,0,1,0,1
Unit Test Coverage Report/atlas-dfdl-module,io.atlasmap.dfdl.module,DfdlModule,110,142,8,8,22,32,9,7,2,6
Unit Test Coverage Report/atlas-dfdl-module,io.atlasmap.dfdl.module,DfdlValidationService,0,14,0,0,0,4,0,2,0,2
Unit Test Coverage Report/atlas-dfdl-service,io.atlasmap.dfdl.service,DfdlService,57,71,3,4,13,18,6,5,3,4
Unit Test Coverage Report/atlas-kafka-connect-core,io.atlasmap.kafkaconnect.core,KafkaConnectFieldWriter,45,335,8,38,11,73,8,24,0,8
Unit Test Coverage Report/atlas-kafka-connect-core,io.atlasmap.kafkaconnect.core,KafkaConnectFieldReader,29,719,6,58,6,161,7,35,1,9
Unit Test Coverage Report/atlas-kafka-connect-core,io.atlasmap.kafkaconnect.core,KafkaConnectUtil,20,92,10,11,7,23,11,10,1,4
Unit Test Coverage Report/atlas-kafka-connect-core,io.atlasmap.kafkaconnect.inspect,KafkaConnectInspectionService,0,27,0,0,0,7,0,3,0,3
Unit Test Coverage Report/atlas-kafka-connect-core,io.atlasmap.kafkaconnect.inspect,KafkaConnectInspector,58,271,6,22,13,74,4,17,0,7
Unit Test Coverage Report/atlas-kafka-connect-model,io.atlasmap.kafkaconnect.v2,KafkaConnectConstants,3,3,0,0,1,1,1,1,1,1
Unit Test Coverage Report/atlas-kafka-connect-model,io.atlasmap.kafkaconnect.v2,KafkaConnectDocument,37,22,8,0,12,8,7,6,3,6
Unit Test Coverage Report/atlas-kafka-connect-model,io.atlasmap.kafkaconnect.v2,KafkaConnectInspectionRequest,292,18,66,0,100,6,44,4,11,4
Unit Test Coverage Report/atlas-kafka-connect-model,io.atlasmap.kafkaconnect.v2,KafkaConnectSchemaType,3,45,0,0,1,7,1,2,1,2
Unit Test Coverage Report/atlas-kafka-connect-model,io.atlasmap.kafkaconnect.v2,KafkaConnectField,156,17,38,0,50,7,21,5,2,5
Unit Test Coverage Report/atlas-kafka-connect-model,io.atlasmap.kafkaconnect.v2,KafkaConnectInspectionResponse,4,20,0,0,2,8,1,6,1,6
Unit Test Coverage Report/atlas-kafka-connect-model,io.atlasmap.kafkaconnect.v2,KafkaConnectEnumFields,106,14,36,2,21,4,20,3,2,2
Unit Test Coverage Report/atlas-kafka-connect-model,io.atlasmap.kafkaconnect.v2,AtlasKafkaConnectModelFactory,33,113,2,6,7,29,4,8,2,6
Unit Test Coverage Report/atlas-kafka-connect-model,io.atlasmap.kafkaconnect.v2,KafkaConnectEnumField,88,12,18,0,30,4,14,4,5,4
Unit Test Coverage Report/atlas-kafka-connect-model,io.atlasmap.kafkaconnect.v2,KafkaConnectComplexType,120,27,28,0,39,11,17,8,3,8
Unit Test Coverage Report/atlas-kafka-connect-model,io.atlasmap.kafkaconnect.v2,KafkaConnectFields,106,14,36,2,21,4,20,3,2,2
Unit Test Coverage Report/atlas-kafka-connect-module,io.atlasmap.kafkaconnect.module,KafkaConnectValidationService,87,0,4,0,19,0,9,0,7,0
Unit Test Coverage Report/atlas-kafka-connect-module,io.atlasmap.kafkaconnect.module,KafkaConnectModule,662,26,71,6,140,5,48,6,12,3
Unit Test Coverage Report/atlas-kafka-connect-service,io.atlasmap.kafkaconnect.service,KafkaConnectService,59,71,3,2,14,18,6,4,3,4
Unit Test Coverage Report/atlasmap-maven-plugin,io.atlasmap.maven,GenerateInspectionsMojo.InspectionType,24,0,0,0,3,0,1,0,1,0
Unit Test Coverage Report/atlasmap-maven-plugin,io.atlasmap.maven,GenerateInspectionsMojo.Inspection,52,0,0,0,22,0,15,0,15,0
Unit Test Coverage Report/atlasmap-maven-plugin,io.atlasmap.maven,GenerateFieldActionsMojo,251,0,34,0,57,0,26,0,9,0
Unit Test Coverage Report/atlasmap-maven-plugin,io.atlasmap.maven,GenerateFieldActionsMojo.FieldAction,23,0,0,0,8,0,6,0,6,0
Unit Test Coverage Report/atlasmap-maven-plugin,io.atlasmap.maven,HelpMojo,763,0,108,0,153,0,70,0,16,0
Unit Test Coverage Report/atlasmap-maven-plugin,io.atlasmap.maven,AbstractAtlasMapMojo,208,0,10,0,58,0,18,0,13,0
Unit Test Coverage Report/atlasmap-maven-plugin,io.atlasmap.maven,GenerateInspectionsMojo,541,0,52,0,117,0,40,0,14,0
Unit Test Coverage Report/camel-atlasmap,org.apache.camel.component.atlasmap,AtlasEndpoint.TargetMapMode,0,34,0,0,0,4,0,1,0,1
Unit Test Coverage Report/camel-atlasmap,org.apache.camel.component.atlasmap,CamelAtlasPropertyStrategy,0,116,2,12,0,30,2,12,0,7
Unit Test Coverage Report/camel-atlasmap,org.apache.camel.component.atlasmap,AtlasComponent,49,96,2,6,15,23,5,7,3,5
Unit Test Coverage Report/camel-atlasmap,org.apache.camel.component.atlasmap,AtlasEndpoint,216,588,21,72,48,145,32,47,12,19
Unit Test Coverage Report/atlasmap-kafka-smt,io.atlasmap.kafka.smt,AtlasMapSMT,46,152,12,8,13,30,10,6,0,6
Unit Test Coverage Report/atlasmap-standalone,io.atlasmap.standalone,SecurityConfiguration,9,19,3,1,1,5,2,2,0,2
Unit Test Coverage Report/atlasmap-standalone,io.atlasmap.standalone,Application,29,7,0,0,6,2,1,2,1,2
Unit Test Coverage Report/atlasmap-standalone,io.atlasmap.standalone,WebSocketConfiguration,0,13,0,0,0,3,0,3,0,3
Unit Test Coverage Report/atlasmap-standalone,io.atlasmap.standalone,RoutingConfiguration,0,12,0,0,0,4,0,2,0,2
Unit Test Coverage Report/atlasmap-standalone,io.atlasmap.standalone,JaxrsApplication,0,31,0,0,0,8,0,8,0,8
Unit Test Coverage Report/atlasmap-standalone,io.atlasmap.standalone,AtlasMapXsrfRepository,0,70,3,5,0,13,3,8,0,7
Unit Test Coverage Report/atlasmap-standalone,io.atlasmap.standalone,CorsConfiguration,0,67,0,0,0,11,0,5,0,5
