GROUP,PACKAGE,CLASS,INSTRUCTION_MISSED,INSTRUCTION_COVERED,BRANCH_MISSED,BRANCH_COVERED,LINE_MISSED,LINE_COVERED,COMPLEXITY_MISSED,COMPLEXITY_COVERED,METHOD_MISSED,METHOD_COVERED
Unit Test Coverage Report/atlas-api,io.atlasmap.spi,StringDelimiter,0,301,0,8,0,36,0,12,0,8
Unit Test Coverage Report/atlas-api,io.atlasmap.spi,FieldDirection,3,34,0,0,1,6,1,2,1,2
Unit Test Coverage Report/atlas-api,io.atlasmap.spi,AtlasModuleMode,31,45,4,0,5,5,4,2,2,2
Unit Test Coverage Report/atlas-api,io.atlasmap.spi,AtlasPropertyType,44,87,0,4,3,12,2,6,2,4
Unit Test Coverage Report/atlas-api,io.atlasmap.spi,AtlasCombineStrategy,0,4,0,0,0,1,0,1,0,1
Unit Test Coverage Report/atlas-api,io.atlasmap.spi,AtlasConversionConcern,31,115,4,0,5,13,4,3,2,3
Unit Test Coverage Report/atlas-api,io.atlasmap.spi,AtlasSeparateStrategy,0,4,0,0,0,1,0,1,0,1
Unit Test Coverage Report/atlas-api,io.atlasmap.api,AtlasException,0,16,0,0,0,8,0,4,0,4
Unit Test Coverage Report/atlas-api,io.atlasmap.api,AtlasConversionException,0,16,0,0,0,8,0,4,0,4
Unit Test Coverage Report/atlas-api,io.atlasmap.api,AtlasNotFoundException,16,0,0,0,8,0,4,0,4,0
Unit Test Coverage Report/atlas-api,io.atlasmap.api,AtlasUnsupportedException,12,4,0,0,6,2,3,1,3,1
Unit Test Coverage Report/atlas-api,io.atlasmap.api,AtlasContextFactory.Format,0,24,0,0,0,1,0,1,0,1
Unit Test Coverage Report/atlas-api,io.atlasmap.api,AtlasValidationException,16,0,0,0,8,0,4,0,4,0
Unit Test Coverage Report/atlas-core,io.atlasmap.builder,AtlasField,94,227,11,7,11,58,10,8,1,8
Unit Test Coverage Report/atlas-core,io.atlasmap.builder,DefaultAtlasMappingBuilder,35,41,3,1,8,8,4,6,2,6
Unit Test Coverage Report/atlas-core,io.atlasmap.core,DefaultAtlasSession,0,596,2,82,0,132,2,83,0,43
Unit Test Coverage Report/atlas-core,io.atlasmap.core,DefaultAtlasSeparateStrategy,0,78,0,8,0,19,0,13,0,9
Unit Test Coverage Report/atlas-core,io.atlasmap.core,DefaultAtlasCollectionHelper,12,310,3,49,5,87,4,30,1,7
Unit Test Coverage Report/atlas-core,io.atlasmap.core,DefaultAtlasConversionService.ConverterKey,3,49,4,4,1,8,4,3,0,3
Unit Test Coverage Report/atlas-core,io.atlasmap.core,DefaultAtlasModuleInfoRegistry,42,139,1,13,5,35,1,15,0,9
Unit Test Coverage Report/atlas-core,io.atlasmap.core,DefaultAtlasPropertyStrategy,258,379,33,76,44,102,29,48,0,21
Unit Test Coverage Report/atlas-core,io.atlasmap.core,AtlasPath,183,755,41,93,36,147,35,61,2,27
Unit Test Coverage Report/atlas-core,io.atlasmap.core,DefaultAtlasFieldActionService.new ActionProcessor() {...},222,0,24,0,30,0,17,0,5,0
Unit Test Coverage Report/atlas-core,io.atlasmap.core,DefaultAtlasFieldActionService.new ActionProcessor() {...},51,145,7,13,8,26,6,9,0,5
Unit Test Coverage Report/atlas-core,io.atlasmap.core,DefaultAtlasFieldActionService.new Comparator() {...},0,12,0,0,0,2,0,2,0,2
Unit Test Coverage Report/atlas-core,io.atlasmap.core,DefaultAtlasFunctionResolver,31,181,4,18,3,41,4,12,0,5
Unit Test Coverage Report/atlas-core,io.atlasmap.core,DefaultAtlasContextFactory,164,699,20,56,35,201,23,62,4,43
Unit Test Coverage Report/atlas-core,io.atlasmap.core,DefaultAtlasPreviewContext.PreviewModule,20,139,3,31,12,33,13,19,10,5
Unit Test Coverage Report/atlas-core,io.atlasmap.core,PropertyModule,67,85,6,10,13,30,8,15,2,13
Unit Test Coverage Report/atlas-core,io.atlasmap.core,AtlasUtil,317,889,59,111,72,199,48,70,5,26
Unit Test Coverage Report/atlas-core,io.atlasmap.core,ValidationConstants,0,3,0,0,0,1,0,1,0,1
Unit Test Coverage Report/atlas-core,io.atlasmap.core,ADMArchiveHandler,329,634,32,58,70,167,30,47,4,28
Unit Test Coverage Report/atlas-core,io.atlasmap.core,DefaultAtlasPreviewContext.new HashMap() {...},0,10,0,0,0,2,0,2,0,2
Unit Test Coverage Report/atlas-core,io.atlasmap.core,TemplateCombineStrategy,11,89,8,12,3,18,7,5,0,2
Unit Test Coverage Report/atlas-core,io.atlasmap.core,DefaultAtlasConversionService.ConverterMethodHolder,0,21,0,0,0,7,0,2,0,2
Unit Test Coverage Report/atlas-core,io.atlasmap.core,DefaultAtlasValidationService.Validators,0,428,0,0,0,53,0,26,0,26
Unit Test Coverage Report/atlas-core,io.atlasmap.core,BaseAtlasModule,172,275,20,24,42,82,41,39,26,32
Unit Test Coverage Report/atlas-core,io.atlasmap.core,DefaultAtlasContext,676,1959,89,207,138,423,79,118,5,44
Unit Test Coverage Report/atlas-core,io.atlasmap.core,DefaultAtlasCombineStrategy,26,200,7,31,8,55,8,27,3,13
Unit Test Coverage Report/atlas-core,io.atlasmap.core,DefaultAtlasConversionService,153,1053,35,190,26,235,36,122,2,25
Unit Test Coverage Report/atlas-core,io.atlasmap.core,DefaultAtlasCompoundClassLoader,28,95,2,10,8,22,2,10,0,6
Unit Test Coverage Report/atlas-core,io.atlasmap.core,BaseFunctionFactory,0,7,0,0,0,2,0,2,0,2
Unit Test Coverage Report/atlas-core,io.atlasmap.core,DefaultAtlasCustomMappingProcessor,34,45,5,3,8,14,4,4,0,4
Unit Test Coverage Report/atlas-core,io.atlasmap.core,DefaultAtlasValidationService,57,652,19,66,10,130,19,43,0,19
Unit Test Coverage Report/atlas-core,io.atlasmap.core,DefaultAtlasExpressionProcessor,76,170,14,22,18,32,13,9,1,3
Unit Test Coverage Report/atlas-core,io.atlasmap.core,DefaultAtlasModuleInfo,0,142,0,8,0,27,0,18,0,14
Unit Test Coverage Report/atlas-core,io.atlasmap.core,AtlasPath.SegmentContext,32,352,14,46,7,65,14,29,1,12
Unit Test Coverage Report/atlas-core,io.atlasmap.core,CompoundClassLoader,0,3,0,0,0,1,0,1,0,1
Unit Test Coverage Report/atlas-core,io.atlasmap.core,DefaultAtlasFieldActionService,511,1624,93,198,90,348,73,116,4,38
Unit Test Coverage Report/atlas-core,io.atlasmap.core,DefaultAtlasSession.HeadImpl,45,72,7,1,9,24,5,12,1,12
Unit Test Coverage Report/atlas-core,io.atlasmap.core,ConstantModule,56,118,5,7,18,35,19,25,14,24
Unit Test Coverage Report/atlas-core,io.atlasmap.core,DefaultAtlasPreviewContext,230,426,31,61,47,95,28,26,0,8
Unit Test Coverage Report/atlas-core,io.atlasmap.functions,ISEMPTY.new BooleanExpression() {...},2,45,2,8,0,8,2,6,0,3
Unit Test Coverage Report/atlas-core,io.atlasmap.functions,LT,5,17,1,1,1,3,1,2,0,2
Unit Test Coverage Report/atlas-core,io.atlasmap.functions,FILTER,27,113,6,10,4,28,6,7,0,5
Unit Test Coverage Report/atlas-core,io.atlasmap.functions,ISEMPTY,5,18,1,1,1,4,1,2,0,2
Unit Test Coverage Report/atlas-core,io.atlasmap.functions,TOLOWER,7,27,2,2,1,6,2,3,0,3
Unit Test Coverage Report/atlas-core,io.atlasmap.functions,SELECT,12,117,3,11,1,22,3,8,0,4
Unit Test Coverage Report/atlas-core,io.atlasmap.functions,IF,5,40,1,3,1,9,1,4,0,3
Unit Test Coverage Report/atlas-core,io.atlasmap.converters,ShortConverter,65,183,18,32,7,35,19,28,6,16
Unit Test Coverage Report/atlas-core,io.atlasmap.converters,CharBufferConverter,119,8,0,0,21,2,21,1,21,1
Unit Test Coverage Report/atlas-core,io.atlasmap.converters,StringBufferConverter,112,15,0,0,20,3,20,2,20,2
Unit Test Coverage Report/atlas-core,io.atlasmap.converters,LocalTimeConverter,196,86,43,9,33,13,39,11,13,11
Unit Test Coverage Report/atlas-core,io.atlasmap.converters,FloatConverter,132,292,33,51,19,56,32,32,6,16
Unit Test Coverage Report/atlas-core,io.atlasmap.converters,StringConverter,19,108,0,0,3,20,3,19,3,19
Unit Test Coverage Report/atlas-core,io.atlasmap.converters,StringBuilderConverter,112,15,0,0,20,3,20,2,20,2
Unit Test Coverage Report/atlas-core,io.atlasmap.converters,GregorianCalendarConverter,41,14,0,0,8,3,8,2,8,2
Unit Test Coverage Report/atlas-core,io.atlasmap.converters,ZonedDateTimeConverter,198,83,48,10,32,12,43,12,14,12
Unit Test Coverage Report/atlas-core,io.atlasmap.converters,DateTimeHelper,19,87,0,2,4,13,4,14,4,13
Unit Test Coverage Report/atlas-core,io.atlasmap.converters,BooleanConverter,65,159,18,40,6,22,16,30,4,13
Unit Test Coverage Report/atlas-core,io.atlasmap.converters,CharSequenceConverter,69,534,19,71,14,142,18,50,1,22
Unit Test Coverage Report/atlas-core,io.atlasmap.converters,SqlDateConverter,65,3,14,0,7,1,14,1,7,1
Unit Test Coverage Report/atlas-core,io.atlasmap.converters,NumberConverter,479,43,28,0,70,9,36,1,22,1
Unit Test Coverage Report/atlas-core,io.atlasmap.converters,DoubleConverter,132,318,33,57,19,54,32,35,6,16
Unit Test Coverage Report/atlas-core,io.atlasmap.converters,CharacterConverter,57,137,14,28,5,40,13,25,4,13
Unit Test Coverage Report/atlas-core,io.atlasmap.converters,CalendarConverter,3,14,2,2,0,3,2,3,0,3
Unit Test Coverage Report/atlas-core,io.atlasmap.converters,LongConverter,57,233,17,41,6,44,18,33,6,16
Unit Test Coverage Report/atlas-core,io.atlasmap.converters,LocalDateConverter,190,94,45,11,31,12,41,12,13,12
Unit Test Coverage Report/atlas-core,io.atlasmap.converters,LocalDateTimeConverter,288,3,58,0,45,1,54,1,25,1
Unit Test Coverage Report/atlas-core,io.atlasmap.converters,DateConverter,95,129,19,11,16,28,22,17,7,17
Unit Test Coverage Report/atlas-core,io.atlasmap.converters,IntegerConverter,65,201,17,37,7,34,18,31,6,16
Unit Test Coverage Report/atlas-core,io.atlasmap.converters,SqlTimestampConverter,71,10,17,1,8,2,17,2,8,2
Unit Test Coverage Report/atlas-core,io.atlasmap.converters,BigDecimalConverter,244,147,30,20,46,38,32,15,7,15
Unit Test Coverage Report/atlas-core,io.atlasmap.converters,ByteConverter,128,85,22,20,16,12,23,20,12,10
Unit Test Coverage Report/atlas-core,io.atlasmap.converters,BigIntegerConverter,243,143,30,20,46,38,32,15,7,15
Unit Test Coverage Report/atlas-core,io.atlasmap.converters,SqlTimeConverter,68,3,14,0,7,1,14,1,7,1
Unit Test Coverage Report/atlas-core,io.atlasmap.validators,CompositeValidator,0,68,0,6,0,18,0,8,0,5
Unit Test Coverage Report/atlas-core,io.atlasmap.validators,NonNullValidator,0,78,0,6,0,24,0,7,0,4
Unit Test Coverage Report/atlas-core,io.atlasmap.validators,StringLengthValidator,0,79,2,4,0,20,2,5,0,4
Unit Test Coverage Report/atlas-core,io.atlasmap.validators,NotEmptyValidator,1,83,2,18,1,18,2,13,0,5
Unit Test Coverage Report/atlas-core,io.atlasmap.validators,LookupTableNameValidator,3,132,2,8,2,29,2,10,0,7
Unit Test Coverage Report/atlas-core,io.atlasmap.validators,DefaultAtlasValidationsHelper,1,191,12,26,1,36,12,15,0,8
Unit Test Coverage Report/atlas-core,io.atlasmap.validators,StringPatternValidator,0,122,1,9,0,32,1,9,0,5
Unit Test Coverage Report/atlas-core,io.atlasmap.validators,PositiveIntegerValidator,1,70,2,8,0,16,2,7,0,4
Unit Test Coverage Report/atlas-core,io.atlasmap.actions,ExpressionFieldAction,13,32,0,4,2,7,0,5,0,3
Unit Test Coverage Report/atlas-core,io.atlasmap.actions,StringComplexFieldActions,23,552,15,147,3,116,13,89,0,21
Unit Test Coverage Report/atlas-core,io.atlasmap.actions,ObjectFieldActions,8,145,5,27,2,32,5,19,0,8
Unit Test Coverage Report/atlas-core,io.atlasmap.actions,NumberFieldActions,18,1176,15,123,2,240,15,74,0,20
Unit Test Coverage Report/atlas-core,io.atlasmap.actions,DateFieldActions,4,84,2,16,0,17,2,16,0,9
Unit Test Coverage Report/atlas-core,io.atlasmap.actions,CollectionActions,3,3,0,0,1,1,1,1,1,1
Unit Test Coverage Report/atlas-core,io.atlasmap.actions,StringSimpleFieldActions,6,202,3,49,1,48,3,38,0,15
Unit Test Coverage Report/atlas-core,io.atlasmap.core.validate,BaseModuleValidationService,109,852,39,117,32,179,42,61,3,22
Unit Test Coverage Report/atlas-core,io.atlasmap.core.validate,MultipleFieldSelectionValidator,77,0,8,0,19,0,6,0,2,0
Unit Test Coverage Report/atlas-core,io.atlasmap.core.validate,MappingFieldPairValidator,136,310,24,48,36,68,20,28,1,11
Unit Test Coverage Report/atlas-model,io.atlasmap.v2,ActionParameter,8,34,0,2,4,12,2,9,2,8
Unit Test Coverage Report/atlas-model,io.atlasmap.v2,Capitalize,0,3,0,0,0,1,0,1,0,1
Unit Test Coverage Report/atlas-model,io.atlasmap.v2,Format,0,10,0,0,0,4,0,3,0,3
Unit Test Coverage Report/atlas-model,io.atlasmap.v2,AuditStatus,31,67,4,0,5,9,4,2,2,2
Unit Test Coverage Report/atlas-model,io.atlasmap.v2,DayOfYear,0,3,0,0,0,1,0,1,0,1
Unit Test Coverage Report/atlas-model,io.atlasmap.v2,Add,0,3,0,0,0,1,0,1,0,1
Unit Test Coverage Report/atlas-model,io.atlasmap.v2,GenerateUUID,0,3,0,0,0,1,0,1,0,1
Unit Test Coverage Report/atlas-model,io.atlasmap.v2,FileExtension,0,3,0,0,0,1,0,1,0,1
Unit Test Coverage Report/atlas-model,io.atlasmap.v2,DataSourceMetadata,15,46,0,0,6,20,5,13,5,13
Unit Test Coverage Report/atlas-model,io.atlasmap.v2,Normalize,0,3,0,0,0,1,0,1,0,1
Unit Test Coverage Report/atlas-model,io.atlasmap.v2,ADMDigest,3,21,0,0,1,9,1,6,1,6
Unit Test Coverage Report/atlas-model,io.atlasmap.v2,StringList,0,14,0,2,0,4,0,3,0,2
Unit Test Coverage Report/atlas-model,io.atlasmap.v2,Trim,0,3,0,0,0,1,0,1,0,1
Unit Test Coverage Report/atlas-model,io.atlasmap.v2,Maximum,0,3,0,0,0,1,0,1,0,1
Unit Test Coverage Report/atlas-model,io.atlasmap.v2,PadStringRight,0,17,0,0,0,7,0,5,0,5
Unit Test Coverage Report/atlas-model,io.atlasmap.v2,DataSourceType,31,34,4,0,5,6,4,2,2,2
Unit Test Coverage Report/atlas-model,io.atlasmap.v2,ReplaceFirst,0,17,0,0,0,7,0,5,0,5
Unit Test Coverage Report/atlas-model,io.atlasmap.v2,TrimLeft,0,3,0,0,0,1,0,1,0,1
Unit Test Coverage Report/atlas-model,io.atlasmap.v2,DayOfMonth,0,3,0,0,0,1,0,1,0,1
Unit Test Coverage Report/atlas-model,io.atlasmap.v2,AtlasJsonModule,0,11,0,0,0,3,0,2,0,2
Unit Test Coverage Report/atlas-model,io.atlasmap.v2,DistanceUnitType,5,93,1,3,1,13,1,5,0,4
Unit Test Coverage Report/atlas-model,io.atlasmap.v2,Mapping,0,81,0,4,0,31,0,21,0,19
Unit Test Coverage Report/atlas-model,io.atlasmap.v2,CopyTo,24,10,0,0,4,5,3,3,3,3
Unit Test Coverage Report/atlas-model,io.atlasmap.v2,InspectionType,3,45,0,0,1,7,1,2,1,2
Unit Test Coverage Report/atlas-model,io.atlasmap.v2,Fields,0,14,0,2,0,4,0,3,0,2
Unit Test Coverage Report/atlas-model,io.atlasmap.v2,LastIndexOf,0,10,0,0,0,4,0,3,0,3
Unit Test Coverage Report/atlas-model,io.atlasmap.v2,AreaUnitType,5,71,1,3,1,11,1,5,0,4
Unit Test Coverage Report/atlas-model,io.atlasmap.v2,Average,0,3,0,0,0,1,0,1,0,1
Unit Test Coverage Report/atlas-model,io.atlasmap.v2,AtlasSchemaFactoryWrapper.new JsonSchemaFactory() {...},7,11,0,0,3,2,2,2,2,2
Unit Test Coverage Report/atlas-model,io.atlasmap.v2,ValidationScope,28,81,4,0,4,11,3,3,1,3
Unit Test Coverage Report/atlas-model,io.atlasmap.v2,StringMap,0,14,0,2,0,4,0,3,0,2
Unit Test Coverage Report/atlas-model,io.atlasmap.v2,AtlasSchemaFactoryWrapper.ExtendedJsonSchema,7,0,0,0,2,0,1,0,1,0
Unit Test Coverage Report/atlas-model,io.atlasmap.v2,FieldType,5,346,1,3,1,36,1,5,0,4
Unit Test Coverage Report/atlas-model,io.atlasmap.v2,Constant,0,24,0,0,0,10,0,7,0,7
Unit Test Coverage Report/atlas-model,io.atlasmap.v2,LookupTables,0,14,0,2,0,4,0,3,0,2
Unit Test Coverage Report/atlas-model,io.atlasmap.v2,Concatenate,0,21,0,0,0,8,0,5,0,5
Unit Test Coverage Report/atlas-model,io.atlasmap.v2,Audits,0,14,0,2,0,4,0,3,0,2
Unit Test Coverage Report/atlas-model,io.atlasmap.v2,Divide,0,3,0,0,0,1,0,1,0,1
Unit Test Coverage Report/atlas-model,io.atlasmap.v2,CollectionType,5,93,1,3,1,13,1,5,0,4
Unit Test Coverage Report/atlas-model,io.atlasmap.v2,Repeat,0,10,0,0,0,4,0,3,0,3
Unit Test Coverage Report/atlas-model,io.atlasmap.v2,AddDays,0,10,0,0,0,4,0,3,0,3
Unit Test Coverage Report/atlas-model,io.atlasmap.v2,Multiply,0,3,0,0,0,1,0,1,0,1
Unit Test Coverage Report/atlas-model,io.atlasmap.v2,SeparateByDash,0,3,0,0,0,1,0,1,0,1
Unit Test Coverage Report/atlas-model,io.atlasmap.v2,VolumeUnitType,5,82,1,3,1,12,1,5,0,4
Unit Test Coverage Report/atlas-model,io.atlasmap.v2,MassUnitType,5,60,1,3,1,10,1,5,0,4
Unit Test Coverage Report/atlas-model,io.atlasmap.v2,Camelize,0,3,0,0,0,1,0,1,0,1
Unit Test Coverage Report/atlas-model,io.atlasmap.v2,AtlasJsonModule.new VersionUtil() {...},0,3,0,0,0,1,0,1,0,1
Unit Test Coverage Report/atlas-model,io.atlasmap.v2,ConvertVolumeUnit,0,17,0,0,0,7,0,5,0,5
Unit Test Coverage Report/atlas-model,io.atlasmap.v2,ValueContainer,0,10,0,0,0,4,0,3,0,3
Unit Test Coverage Report/atlas-model,io.atlasmap.v2,MockField,0,17,0,0,0,7,0,5,0,5
Unit Test Coverage Report/atlas-model,io.atlasmap.v2,Mappings,0,14,0,2,0,4,0,3,0,2
Unit Test Coverage Report/atlas-model,io.atlasmap.v2,TargetDocument,17,0,0,0,7,0,5,0,5,0
Unit Test Coverage Report/atlas-model,io.atlasmap.v2,Lowercase,0,3,0,0,0,1,0,1,0,1
Unit Test Coverage Report/atlas-model,io.atlasmap.v2,SimpleResolver,56,123,8,10,7,30,11,9,4,7
Unit Test Coverage Report/atlas-model,io.atlasmap.v2,Append,0,10,0,0,0,4,0,3,0,3
Unit Test Coverage Report/atlas-model,io.atlasmap.v2,Round,0,3,0,0,0,1,0,1,0,1
Unit Test Coverage Report/atlas-model,io.atlasmap.v2,AtlasHandlerInstantiator,8,22,1,3,4,8,4,4,3,3
Unit Test Coverage Report/atlas-model,io.atlasmap.v2,AtlasModelFactory,290,479,40,45,62,102,34,29,5,15
Unit Test Coverage Report/atlas-model,io.atlasmap.v2,Length,0,3,0,0,0,1,0,1,0,1
Unit Test Coverage Report/atlas-model,io.atlasmap.v2,IndexOf,0,10,0,0,0,4,0,3,0,3
Unit Test Coverage Report/atlas-model,io.atlasmap.v2,Uppercase,0,3,0,0,0,1,0,1,0,1
Unit Test Coverage Report/atlas-model,io.atlasmap.v2,Contains,0,10,0,0,0,4,0,3,0,3
Unit Test Coverage Report/atlas-model,io.atlasmap.v2,EndsWith,0,10,0,0,0,4,0,3,0,3
Unit Test Coverage Report/atlas-model,io.atlasmap.v2,Ceiling,0,3,0,0,0,1,0,1,0,1
Unit Test Coverage Report/atlas-model,io.atlasmap.v2,Constants,0,14,0,2,0,4,0,3,0,2
Unit Test Coverage Report/atlas-model,io.atlasmap.v2,AtlasSchemaFactoryWrapper.ExtendedStringSchema,0,20,0,0,0,6,0,3,0,3
Unit Test Coverage Report/atlas-model,io.atlasmap.v2,ActionDetail,5,125,1,1,2,43,1,20,0,20
Unit Test Coverage Report/atlas-model,io.atlasmap.v2,SubStringAfter,0,24,0,0,0,10,0,7,0,7
Unit Test Coverage Report/atlas-model,io.atlasmap.v2,ValidationStatus,28,70,4,0,4,10,3,3,1,3
Unit Test Coverage Report/atlas-model,io.atlasmap.v2,FieldGroup,0,14,0,2,0,4,0,3,0,2
Unit Test Coverage Report/atlas-model,io.atlasmap.v2,ConvertDistanceUnit,0,17,0,0,0,7,0,5,0,5
Unit Test Coverage Report/atlas-model,io.atlasmap.v2,Count,0,3,0,0,0,1,0,1,0,1
Unit Test Coverage Report/atlas-model,io.atlasmap.v2,AtlasMapping,0,49,0,2,0,19,0,13,0,12
Unit Test Coverage Report/atlas-model,io.atlasmap.v2,DataSource,0,38,0,0,0,16,0,11,0,11
Unit Test Coverage Report/atlas-model,io.atlasmap.v2,DataSourceCatalog,10,0,0,0,4,0,3,0,3,0
Unit Test Coverage Report/atlas-model,io.atlasmap.v2,ProcessMappingResponse,4,20,0,0,2,8,1,6,1,6
Unit Test Coverage Report/atlas-model,io.atlasmap.v2,SeparateByUnderscore,0,3,0,0,0,1,0,1,0,1
Unit Test Coverage Report/atlas-model,io.atlasmap.v2,LowercaseChar,0,3,0,0,0,1,0,1,0,1
Unit Test Coverage Report/atlas-model,io.atlasmap.v2,CustomAction,0,38,0,0,0,16,0,11,0,11
Unit Test Coverage Report/atlas-model,io.atlasmap.v2,Audit,0,45,0,0,0,19,0,13,0,13
Unit Test Coverage Report/atlas-model,io.atlasmap.v2,SimpleField,0,10,0,0,0,4,0,3,0,3
Unit Test Coverage Report/atlas-model,io.atlasmap.v2,ActionResolver,29,70,0,4,7,18,6,9,6,7
Unit Test Coverage Report/atlas-model,io.atlasmap.v2,Subtract,0,3,0,0,0,1,0,1,0,1
Unit Test Coverage Report/atlas-model,io.atlasmap.v2,Expression,0,10,0,0,0,4,0,3,0,3
Unit Test Coverage Report/atlas-model,io.atlasmap.v2,RemoveFileExtension,0,3,0,0,0,1,0,1,0,1
Unit Test Coverage Report/atlas-model,io.atlasmap.v2,Floor,0,3,0,0,0,1,0,1,0,1
Unit Test Coverage Report/atlas-model,io.atlasmap.v2,PropertyField,0,10,0,0,0,4,0,3,0,3
Unit Test Coverage Report/atlas-model,io.atlasmap.v2,FieldStatus,31,78,4,0,5,10,4,2,2,2
Unit Test Coverage Report/atlas-model,io.atlasmap.v2,Minimum,0,3,0,0,0,1,0,1,0,1
Unit Test Coverage Report/atlas-model,io.atlasmap.v2,CurrentTime,0,3,0,0,0,1,0,1,0,1
Unit Test Coverage Report/atlas-model,io.atlasmap.v2,FieldAction,4,0,0,0,1,0,1,0,1,0
Unit Test Coverage Report/atlas-model,io.atlasmap.v2,Properties,0,14,0,2,0,4,0,3,0,2
Unit Test Coverage Report/atlas-model,io.atlasmap.v2,CurrentDateTime,0,3,0,0,0,1,0,1,0,1
Unit Test Coverage Report/atlas-model,io.atlasmap.v2,AtlasMappingResult,21,0,2,0,7,0,5,0,4,0
Unit Test Coverage Report/atlas-model,io.atlasmap.v2,Collection,0,24,0,0,0,10,0,7,0,7
Unit Test Coverage Report/atlas-model,io.atlasmap.v2,Field,4,90,0,0,2,38,1,26,1,26
Unit Test Coverage Report/atlas-model,io.atlasmap.v2,Validations,0,14,0,2,0,4,0,3,0,2
Unit Test Coverage Report/atlas-model,io.atlasmap.v2,Json,0,46,0,0,0,12,0,3,0,3
Unit Test Coverage Report/atlas-model,io.atlasmap.v2,AddSeconds,0,10,0,0,0,4,0,3,0,3
Unit Test Coverage Report/atlas-model,io.atlasmap.v2,ConstantField,0,3,0,0,0,1,0,1,0,1
Unit Test Coverage Report/atlas-model,io.atlasmap.v2,Multiplicity,31,67,4,0,5,9,4,2,2,2
Unit Test Coverage Report/atlas-model,io.atlasmap.v2,CustomMapping,0,10,0,0,0,4,0,3,0,3
Unit Test Coverage Report/atlas-model,io.atlasmap.v2,UppercaseChar,0,3,0,0,0,1,0,1,0,1
Unit Test Coverage Report/atlas-model,io.atlasmap.v2,BaseMapping,0,24,0,0,0,10,0,7,0,7
Unit Test Coverage Report/atlas-model,io.atlasmap.v2,DataSourceKey,9,63,8,10,2,10,8,4,0,3
Unit Test Coverage Report/atlas-model,io.atlasmap.v2,Document,0,10,0,0,0,4,0,3,0,3
Unit Test Coverage Report/atlas-model,io.atlasmap.v2,MappingType,31,89,4,0,5,11,4,2,2,2
Unit Test Coverage Report/atlas-model,io.atlasmap.v2,StartsWith,0,10,0,0,0,4,0,3,0,3
Unit Test Coverage Report/atlas-model,io.atlasmap.v2,LookupEntry,0,31,0,0,0,13,0,9,0,9
Unit Test Coverage Report/atlas-model,io.atlasmap.v2,DayOfWeek,0,3,0,0,0,1,0,1,0,1
Unit Test Coverage Report/atlas-model,io.atlasmap.v2,ActionListUpgradeDeserializer,0,134,3,11,0,35,3,7,0,3
Unit Test Coverage Report/atlas-model,io.atlasmap.v2,LookupTable,0,28,0,2,0,10,0,7,0,6
Unit Test Coverage Report/atlas-model,io.atlasmap.v2,ActionParameters,0,14,0,2,0,4,0,3,0,2
Unit Test Coverage Report/atlas-model,io.atlasmap.v2,NumberType,31,100,4,0,5,12,4,2,2,2
Unit Test Coverage Report/atlas-model,io.atlasmap.v2,Equals,0,10,0,0,0,4,0,3,0,3
Unit Test Coverage Report/atlas-model,io.atlasmap.v2,StringMapEntry,17,0,0,0,7,0,5,0,5,0
Unit Test Coverage Report/atlas-model,io.atlasmap.v2,AbsoluteValue,0,3,0,0,0,1,0,1,0,1
Unit Test Coverage Report/atlas-model,io.atlasmap.v2,PadStringLeft,0,17,0,0,0,7,0,5,0,5
Unit Test Coverage Report/atlas-model,io.atlasmap.v2,CurrentDate,0,3,0,0,0,1,0,1,0,1
Unit Test Coverage Report/atlas-model,io.atlasmap.v2,Property,4,34,0,0,2,14,1,10,1,10
Unit Test Coverage Report/atlas-model,io.atlasmap.v2,ReplaceAll,0,17,0,0,0,7,0,5,0,5
Unit Test Coverage Report/atlas-model,io.atlasmap.v2,Prepend,0,10,0,0,0,4,0,3,0,3
Unit Test Coverage Report/atlas-model,io.atlasmap.v2,TrimRight,0,3,0,0,0,1,0,1,0,1
Unit Test Coverage Report/atlas-model,io.atlasmap.v2,Split,0,10,0,0,0,4,0,3,0,3
Unit Test Coverage Report/atlas-model,io.atlasmap.v2,SubStringBefore,0,24,0,0,0,10,0,7,0,7
Unit Test Coverage Report/atlas-model,io.atlasmap.v2,ConvertMassUnit,0,17,0,0,0,7,0,5,0,5
Unit Test Coverage Report/atlas-model,io.atlasmap.v2,Action,0,8,0,0,0,2,0,2,0,2
Unit Test Coverage Report/atlas-model,io.atlasmap.v2,ItemAt,0,10,0,0,0,4,0,3,0,3
Unit Test Coverage Report/atlas-model,io.atlasmap.v2,SubString,0,17,0,0,0,7,0,5,0,5
Unit Test Coverage Report/atlas-model,io.atlasmap.v2,AtlasSchemaFactoryWrapper,0,37,0,2,0,9,0,3,0,2
Unit Test Coverage Report/atlas-model,io.atlasmap.v2,MappingFileType,3,67,0,0,1,9,1,2,1,2
Unit Test Coverage Report/atlas-model,io.atlasmap.v2,IsNull,0,3,0,0,0,1,0,1,0,1
Unit Test Coverage Report/atlas-model,io.atlasmap.v2,ActionDetails,0,14,0,2,0,4,0,3,0,2
Unit Test Coverage Report/atlas-model,io.atlasmap.v2,AtlasSchemaFactoryWrapper.AtlasWrapperFactory,11,15,3,1,4,5,3,1,1,1
Unit Test Coverage Report/atlas-model,io.atlasmap.v2,MockDocument,3,0,0,0,1,0,1,0,1,0
Unit Test Coverage Report/atlas-model,io.atlasmap.v2,ProcessMappingRequest,4,13,0,0,2,5,1,4,1,4
Unit Test Coverage Report/atlas-model,io.atlasmap.v2,Validation,11,52,0,4,5,16,2,13,2,11
Unit Test Coverage Report/atlas-model,io.atlasmap.v2,ConvertAreaUnit,0,17,0,0,0,7,0,5,0,5
Unit Test Coverage Report/atlas-service,io.atlasmap.service,AtlasService,837,385,63,20,169,94,59,16,16,15
Unit Test Coverage Report/atlas-service,io.atlasmap.service,AtlasLibraryLoader.new Enumeration() {...},0,23,0,0,0,4,0,3,0,3
Unit Test Coverage Report/atlas-service,io.atlasmap.service,AtlasLibraryLoader,234,402,36,44,50,85,31,25,4,12
Unit Test Coverage Report/atlas-service,io.atlasmap.service,AtlasService.new AtlasLibraryLoader.AtlasLibraryLoaderListener() {...},0,27,0,0,0,6,0,2,0,2
Unit Test Coverage Report/atlas-java-core,io.atlasmap.java.core,JavaFieldReader,319,436,29,51,49,100,22,28,1,9
Unit Test Coverage Report/atlas-java-core,io.atlasmap.java.core,JavaFieldWriterUtil,884,1019,80,116,113,238,65,56,2,21
Unit Test Coverage Report/atlas-java-core,io.atlasmap.java.core,StringUtil,31,122,5,19,9,21,7,11,2,4
Unit Test Coverage Report/atlas-java-core,io.atlasmap.java.core,JavaFieldWriter,145,388,23,51,26,99,18,31,1,11
Unit Test Coverage Report/atlas-java-core,io.atlasmap.java.core,JdkPackages,17,930,5,9,5,14,6,7,1,5
Unit Test Coverage Report/atlas-java-core,io.atlasmap.java.core,TargetValueConverter,247,323,29,51,43,76,25,22,1,6
Unit Test Coverage Report/atlas-java-core,io.atlasmap.java.core,ClassHelper,226,363,44,42,57,65,35,24,7,9
Unit Test Coverage Report/atlas-java-core,io.atlasmap.java.inspect,JarClassLoader,113,0,12,0,23,0,12,0,6,0
Unit Test Coverage Report/atlas-java-core,io.atlasmap.java.inspect,ConstructInvalidException,16,0,0,0,8,0,4,0,4,0
Unit Test Coverage Report/atlas-java-core,io.atlasmap.java.inspect,MavenClasspathHelper,849,0,68,0,165,0,50,0,16,0
Unit Test Coverage Report/atlas-java-core,io.atlasmap.java.inspect,ClassInspectionService,501,1861,97,223,109,384,92,107,9,30
Unit Test Coverage Report/atlas-java-core,io.atlasmap.java.inspect,ConstructUnsupportedException,16,0,0,0,8,0,4,0,4,0
Unit Test Coverage Report/atlas-java-core,io.atlasmap.java.inspect,InspectionException,13,0,0,0,6,0,3,0,3,0
Unit Test Coverage Report/atlas-java-core,io.atlasmap.java.inspect,ConstructPrimitiveException,16,0,0,0,8,0,4,0,4,0
Unit Test Coverage Report/atlas-java-core,io.atlasmap.java.inspect,ConstructException,16,0,0,0,8,0,4,0,4,0
Unit Test Coverage Report/atlas-java-core,io.atlasmap.java.core.accessor,RootAccessor,2,12,0,0,1,4,1,3,1,3
Unit Test Coverage Report/atlas-java-core,io.atlasmap.java.core.accessor,FieldAccessor,31,0,0,0,9,0,4,0,4,0
Unit Test Coverage Report/atlas-java-core,io.atlasmap.java.core.accessor,JavaChildAccessor,76,117,14,18,16,26,11,13,2,6
Unit Test Coverage Report/atlas-java-core,io.atlasmap.java.core.accessor,GetterAccessor,10,23,0,0,3,6,1,3,1,3
Unit Test Coverage Report/atlas-java-model,io.atlasmap.java.v2,JavaCollection,86,0,18,0,28,0,14,0,5,0
Unit Test Coverage Report/atlas-java-model,io.atlasmap.java.v2,Modifier,31,177,4,0,5,19,4,2,2,2
Unit Test Coverage Report/atlas-java-model,io.atlasmap.java.v2,MavenClasspathRequest,147,20,36,0,49,8,21,6,3,6
Unit Test Coverage Report/atlas-java-model,io.atlasmap.java.v2,JavaField,340,216,104,14,115,73,57,27,1,24
Unit Test Coverage Report/atlas-java-model,io.atlasmap.java.v2,JavaClass,436,73,108,0,141,31,56,21,2,21
Unit Test Coverage Report/atlas-java-model,io.atlasmap.java.v2,JavaEnumField,109,71,35,3,38,22,21,7,2,7
Unit Test Coverage Report/atlas-java-model,io.atlasmap.java.v2,AtlasJavaModelFactory,81,135,11,7,15,34,9,6,1,5
Unit Test Coverage Report/atlas-java-model,io.atlasmap.java.v2,JavaDocument,36,0,8,0,11,0,7,0,3,0
Unit Test Coverage Report/atlas-java-model,io.atlasmap.java.v2,MavenClasspathResponse,167,0,36,0,57,0,27,0,9,0
Unit Test Coverage Report/atlas-java-model,io.atlasmap.java.v2,JavaEnumFields,106,14,36,2,21,4,20,3,2,2
Unit Test Coverage Report/atlas-java-model,io.atlasmap.java.v2,JavaFields,106,14,36,2,21,4,20,3,2,2
Unit Test Coverage Report/atlas-java-model,io.atlasmap.java.v2,ClassInspectionRequest,451,45,106,0,152,17,62,14,9,14
Unit Test Coverage Report/atlas-java-model,io.atlasmap.java.v2,ModifierList,106,14,36,2,21,4,20,3,2,2
Unit Test Coverage Report/atlas-java-model,io.atlasmap.java.v2,ClassInspectionResponse,167,0,36,0,57,0,27,0,9,0
Unit Test Coverage Report/atlas-java-module,io.atlasmap.java.module,JavaMappingFieldPairValidator,131,41,20,10,28,10,16,5,4,2
Unit Test Coverage Report/atlas-java-module,io.atlasmap.java.module,JavaValidationService,117,265,5,19,20,56,8,16,3,9
Unit Test Coverage Report/atlas-java-module,io.atlasmap.java.module,JavaModule,328,454,44,48,53,105,40,21,3,12
Unit Test Coverage Report/atlas-java-service,io.atlasmap.java.service,JavaService,299,31,24,0,66,7,17,4,5,4
Unit Test Coverage Report/atlas-json-core,io.atlasmap.json.inspect,JsonInspectionException,12,8,0,0,4,4,2,2,2,2
Unit Test Coverage Report/atlas-json-core,io.atlasmap.json.inspect,JsonInspectionService,0,76,1,19,0,14,1,13,0,4
Unit Test Coverage Report/atlas-json-core,io.atlasmap.json.inspect,JsonSchemaInspector.JsonFieldBuilder,0,68,0,4,0,18,0,4,0,2
Unit Test Coverage Report/atlas-json-core,io.atlasmap.json.inspect,JsonSchemaInspector,96,539,26,64,23,118,22,34,0,11
Unit Test Coverage Report/atlas-json-core,io.atlasmap.json.inspect,JsonInstanceInspector,125,396,26,50,31,94,21,24,0,7
Unit Test Coverage Report/atlas-json-core,io.atlasmap.json.core,JsonFieldReader,363,553,40,68,74,132,30,36,3,9
Unit Test Coverage Report/atlas-json-core,io.atlasmap.json.core,JsonComplexTypeFactory,3,9,0,0,1,3,1,1,1,1
Unit Test Coverage Report/atlas-json-core,io.atlasmap.json.core,JsonFieldWriter,472,543,42,98,50,136,38,42,1,9
Unit Test Coverage Report/atlas-json-model,io.atlasmap.json.v2,JsonDocument,33,3,8,0,10,1,6,1,2,1
Unit Test Coverage Report/atlas-json-model,io.atlasmap.json.v2,JsonInspectionRequest,279,29,66,0,94,11,39,9,6,9
Unit Test Coverage Report/atlas-json-model,io.atlasmap.json.v2,JsonComplexType,120,27,28,0,39,11,17,8,3,8
Unit Test Coverage Report/atlas-json-model,io.atlasmap.json.v2,JsonField,196,24,48,0,63,10,26,7,2,7
Unit Test Coverage Report/atlas-json-model,io.atlasmap.json.v2,JsonEnumFields,106,14,36,2,21,4,20,3,2,2
Unit Test Coverage Report/atlas-json-model,io.atlasmap.json.v2,JsonEnumField,76,3,18,0,24,1,11,1,2,1
Unit Test Coverage Report/atlas-json-model,io.atlasmap.json.v2,AtlasJsonModelFactory,92,96,3,5,8,25,5,6,2,5
Unit Test Coverage Report/atlas-json-model,io.atlasmap.json.v2,JsonFields,106,14,36,2,21,4,20,3,2,2
Unit Test Coverage Report/atlas-json-model,io.atlasmap.json.v2,InspectionType,31,56,4,0,5,8,4,2,2,2
Unit Test Coverage Report/atlas-json-model,io.atlasmap.json.v2,JsonDataSource,76,10,18,0,24,4,11,3,2,3
Unit Test Coverage Report/atlas-json-model,io.atlasmap.json.v2,JsonInspectionResponse,147,20,36,0,49,8,21,6,3,6
Unit Test Coverage Report/atlas-json-module,io.atlasmap.json.module,JsonValidationService,3,99,0,4,2,21,1,9,1,7
Unit Test Coverage Report/atlas-json-module,io.atlasmap.json.module,JsonModule,250,394,27,45,39,92,24,25,1,12
Unit Test Coverage Report/atlas-json-service,io.atlasmap.json.service,JsonService,115,96,9,10,23,21,10,9,2,7
Unit Test Coverage Report/atlas-xml-core,io.atlasmap.xml.core.schema,AtlasXmlSchemaSetParser.NoopErrorHandler,20,10,5,1,7,3,5,2,2,2
Unit Test Coverage Report/atlas-xml-core,io.atlasmap.xml.core.schema,AtlasXmlSchemaSetParser,49,386,7,27,17,89,9,24,2,14
Unit Test Coverage Report/atlas-xml-core,io.atlasmap.xml.core.schema,AtlasRewritingXSVisitor,116,188,25,23,39,45,31,13,13,7
Unit Test Coverage Report/atlas-xml-core,io.atlasmap.xml.core.schema,XSOMErrorHandler,8,9,0,0,3,3,2,3,2,3
Unit Test Coverage Report/atlas-xml-core,io.atlasmap.xml.core.schema,XSOMClasspathEntityResolver,9,52,6,10,5,13,6,4,0,2
Unit Test Coverage Report/atlas-xml-core,io.atlasmap.xml.inspect,XmlInstanceInspector,18,704,11,95,6,150,11,62,0,20
Unit Test Coverage Report/atlas-xml-core,io.atlasmap.xml.inspect,XmlInspectionService,28,104,3,13,7,27,3,12,1,6
Unit Test Coverage Report/atlas-xml-core,io.atlasmap.xml.inspect,XmlInspectionException,11,9,0,0,4,4,2,2,2,2
Unit Test Coverage Report/atlas-xml-core,io.atlasmap.xml.inspect,XmlSchemaInspector,53,1104,27,97,13,248,28,58,2,22
Unit Test Coverage Report/atlas-xml-core,io.atlasmap.xml.inspect,SimpleTypeRestriction,19,152,4,22,3,35,4,11,0,2
Unit Test Coverage Report/atlas-xml-core,io.atlasmap.xml.core,XmlComplexTypeFactory,3,9,0,0,1,3,1,1,1,1
Unit Test Coverage Report/atlas-xml-core,io.atlasmap.xml.core,XmlCollectionHelper,0,9,0,0,0,3,0,2,0,2
Unit Test Coverage Report/atlas-xml-core,io.atlasmap.xml.core,XmlFieldTransformer,5,93,2,10,1,23,2,8,0,4
Unit Test Coverage Report/atlas-xml-core,io.atlasmap.xml.core,AtlasXmlNamespaceContext,44,96,7,5,6,18,7,8,2,7
Unit Test Coverage Report/atlas-xml-core,io.atlasmap.xml.core,XmlFieldReader,215,709,29,93,31,156,26,46,1,10
Unit Test Coverage Report/atlas-xml-core,io.atlasmap.xml.core,AtlasXmlConstants,3,0,0,0,1,0,1,0,1,0
Unit Test Coverage Report/atlas-xml-core,io.atlasmap.xml.core,XmlFieldWriter,322,657,43,97,48,157,45,43,7,11
Unit Test Coverage Report/atlas-xml-core,io.atlasmap.xml.core,XmlPath.XmlSegmentContext,91,113,9,11,9,22,8,8,1,5
Unit Test Coverage Report/atlas-xml-core,io.atlasmap.xml.core,XmlPath,49,208,14,20,9,41,12,12,1,6
Unit Test Coverage Report/atlas-xml-core,io.atlasmap.xml.core,XmlIOHelper,12,160,3,23,5,40,3,15,0,5
Unit Test Coverage Report/atlas-xml-model,io.atlasmap.xml.v2,XmlComplexType,288,33,68,0,95,13,39,10,5,10
Unit Test Coverage Report/atlas-xml-model,io.atlasmap.xml.v2,XmlField,356,56,88,0,115,23,46,15,2,15
Unit Test Coverage Report/atlas-xml-model,io.atlasmap.xml.v2,XmlInspectionRequest,279,29,66,0,94,11,39,9,6,9
Unit Test Coverage Report/atlas-xml-model,io.atlasmap.xml.v2,XmlEnumField,164,34,38,0,54,13,23,9,4,9
Unit Test Coverage Report/atlas-xml-model,io.atlasmap.xml.v2,RestrictionType,5,192,1,3,1,22,1,5,0,4
Unit Test Coverage Report/atlas-xml-model,io.atlasmap.xml.v2,InspectionType,31,56,4,0,5,8,4,2,2,2
Unit Test Coverage Report/atlas-xml-model,io.atlasmap.xml.v2,XmlNamespaces,106,14,36,2,21,4,20,3,2,2
Unit Test Coverage Report/atlas-xml-model,io.atlasmap.xml.v2,XmlDataSource,116,17,28,0,37,7,16,5,2,5
Unit Test Coverage Report/atlas-xml-model,io.atlasmap.xml.v2,NodeType,31,56,4,0,5,8,4,2,2,2
Unit Test Coverage Report/atlas-xml-model,io.atlasmap.xml.v2,Restriction,103,17,26,0,34,7,15,5,2,5
Unit Test Coverage Report/atlas-xml-model,io.atlasmap.xml.v2,XmlFields,106,14,36,2,21,4,20,3,2,2
Unit Test Coverage Report/atlas-xml-model,io.atlasmap.xml.v2,XmlNamespace,107,107,30,16,36,37,22,12,1,10
Unit Test Coverage Report/atlas-xml-model,io.atlasmap.xml.v2,XmlEnumFields,106,14,36,2,21,4,20,3,2,2
Unit Test Coverage Report/atlas-xml-model,io.atlasmap.xml.v2,Restrictions,106,14,36,2,21,4,20,3,2,2
Unit Test Coverage Report/atlas-xml-model,io.atlasmap.xml.v2,XmlDocument,76,10,18,0,24,4,11,3,2,3
Unit Test Coverage Report/atlas-xml-model,io.atlasmap.xml.v2,XmlInspectionResponse,147,20,36,0,49,8,21,6,3,6
Unit Test Coverage Report/atlas-xml-model,io.atlasmap.xml.v2,AtlasXmlModelFactory,10,108,2,6,2,28,3,7,1,5
Unit Test Coverage Report/atlas-xml-module,io.atlasmap.xml.module,XmlModule,321,607,46,70,55,139,39,39,1,19
Unit Test Coverage Report/atlas-xml-module,io.atlasmap.xml.module,XmlValidationService,13,176,5,17,3,37,6,13,1,7
Unit Test Coverage Report/atlas-xml-service,io.atlasmap.xml.service,XmlService,144,54,8,2,29,14,10,4,4,4
Unit Test Coverage Report/atlas-csv-core,io.atlasmap.csv.core,CsvFieldReader,150,345,21,23,34,84,14,13,0,5
Unit Test Coverage Report/atlas-csv-core,io.atlasmap.csv.core,CsvFieldWriter,6,373,0,46,2,88,0,28,0,5
Unit Test Coverage Report/atlas-csv-core,io.atlasmap.csv.core,CsvConfig,237,244,50,26,41,56,52,26,14,20
Unit Test Coverage Report/atlas-csv-model,io.atlasmap.csv.v2,CsvFields,106,14,36,2,21,4,20,3,2,2
Unit Test Coverage Report/atlas-csv-model,io.atlasmap.csv.v2,CsvField,0,24,0,0,0,8,0,4,0,4
Unit Test Coverage Report/atlas-csv-model,io.atlasmap.csv.v2,CsvDataSource,80,6,18,0,26,2,12,2,3,2
Unit Test Coverage Report/atlas-csv-model,io.atlasmap.csv.v2,CsvComplexType,120,13,28,0,39,5,17,4,3,4
Unit Test Coverage Report/atlas-csv-model,io.atlasmap.csv.v2,CsvInspectionResponse,4,20,0,0,2,8,1,6,1,6
Unit Test Coverage Report/atlas-csv-module,io.atlasmap.csv.module,CsvModule,115,156,14,14,17,42,15,11,2,10
Unit Test Coverage Report/atlas-csv-module,io.atlasmap.csv.module,CsvValidationService,26,0,2,0,7,0,6,0,5,0
Unit Test Coverage Report/atlas-csv-service,io.atlasmap.csv.service,CsvService,51,93,3,5,9,28,4,5,1,4
Unit Test Coverage Report/atlas-dfdl-core,io.atlasmap.dfdl.core.schema,CsvDfdlSchemaGenerator.NamespaceResolver,56,35,8,0,11,7,6,2,2,2
Unit Test Coverage Report/atlas-dfdl-core,io.atlasmap.dfdl.core.schema,CsvDfdlSchemaGenerator,47,165,6,14,5,32,9,8,3,4
Unit Test Coverage Report/atlas-dfdl-core,io.atlasmap.dfdl.core.schema,CsvDfdlSchemaGenerator.Options,0,48,0,0,0,8,0,3,0,3
Unit Test Coverage Report/atlas-dfdl-core,io.atlasmap.dfdl.inspect,DfdlInspectionService,0,27,0,0,0,7,0,3,0,3
Unit Test Coverage Report/atlas-dfdl-core,io.atlasmap.dfdl.inspect,DfdlInspector,29,115,3,3,7,27,4,5,1,5
Unit Test Coverage Report/atlas-dfdl-core,io.atlasmap.dfdl.core,DfdlSchemaResolver,21,93,3,5,3,23,3,3,0,2
Unit Test Coverage Report/atlas-dfdl-core,io.atlasmap.dfdl.core,DfdlConstants,3,0,0,0,1,0,1,0,1,0
Unit Test Coverage Report/atlas-dfdl-model,io.atlasmap.dfdl.v2,AtlasDfdlModelFactory,3,0,0,0,1,0,1,0,1,0
Unit Test Coverage Report/atlas-dfdl-model,io.atlasmap.dfdl.v2,DfdlInspectionResponse,0,3,0,0,0,1,0,1,0,1
Unit Test Coverage Report/atlas-dfdl-model,io.atlasmap.dfdl.v2,DfdlInspectionRequest,96,18,24,0,34,6,15,4,3,4
Unit Test Coverage Report/atlas-dfdl-module,io.atlasmap.dfdl.module,DfdlModule,122,140,8,8,22,32,9,7,2,6
Unit Test Coverage Report/atlas-dfdl-module,io.atlasmap.dfdl.module,DfdlValidationService,0,14,0,0,0,4,0,2,0,2
Unit Test Coverage Report/atlas-dfdl-service,io.atlasmap.dfdl.service,DfdlService,75,71,3,4,12,19,6,5,3,4
Unit Test Coverage Report/atlasmap-maven-plugin,io.atlasmap.maven,GenerateInspectionsMojo.InspectionType,24,0,0,0,2,0,1,0,1,0
Unit Test Coverage Report/atlasmap-maven-plugin,io.atlasmap.maven,GenerateInspectionsMojo.Inspection,52,0,0,0,22,0,15,0,15,0
Unit Test Coverage Report/atlasmap-maven-plugin,io.atlasmap.maven,GenerateFieldActionsMojo,253,0,34,0,57,0,26,0,9,0
Unit Test Coverage Report/atlasmap-maven-plugin,io.atlasmap.maven,GenerateFieldActionsMojo.FieldAction,34,0,0,0,8,0,6,0,6,0
Unit Test Coverage Report/atlasmap-maven-plugin,io.atlasmap.maven,AbstractAtlasMapMojo,235,0,10,0,58,0,18,0,13,0
Unit Test Coverage Report/atlasmap-maven-plugin,io.atlasmap.maven,HelpMojo,893,0,110,0,159,0,71,0,16,0
Unit Test Coverage Report/atlasmap-maven-plugin,io.atlasmap.maven,GenerateInspectionsMojo,573,0,52,0,117,0,40,0,14,0
Unit Test Coverage Report/camel-atlasmap,org.apache.camel.component.atlasmap,AtlasEndpoint.TargetMapMode,0,34,0,0,0,2,0,1,0,1
Unit Test Coverage Report/camel-atlasmap,org.apache.camel.component.atlasmap,CamelAtlasPropertyStrategy,0,116,2,12,0,30,2,12,0,7
Unit Test Coverage Report/camel-atlasmap,org.apache.camel.component.atlasmap,AtlasComponent,11,70,1,3,4,16,2,4,1,3
Unit Test Coverage Report/camel-atlasmap,org.apache.camel.component.atlasmap,AtlasEndpoint,269,610,23,74,59,151,35,49,13,21
Unit Test Coverage Report/camel3-atlasmap,org.apache.camel.component.atlasmap,AtlasEndpoint.TargetMapMode,0,34,0,0,0,2,0,1,0,1
Unit Test Coverage Report/camel3-atlasmap,org.apache.camel.component.atlasmap,CamelAtlasPropertyStrategy,0,116,2,12,0,30,2,12,0,7
Unit Test Coverage Report/camel3-atlasmap,org.apache.camel.component.atlasmap,AtlasComponent,11,70,1,3,4,16,2,4,1,3
Unit Test Coverage Report/camel3-atlasmap,org.apache.camel.component.atlasmap,AtlasEndpoint,269,598,23,74,59,149,35,49,13,21
Unit Test Coverage Report/atlasmap-standalone,io.atlasmap.standalone,SecurityConfiguration,9,19,3,1,1,5,2,2,0,2
Unit Test Coverage Report/atlasmap-standalone,io.atlasmap.standalone,JaxrsApplication.JavaServiceEmptyClasspath,18,3,0,0,4,1,1,1,1,1
Unit Test Coverage Report/atlasmap-standalone,io.atlasmap.standalone,Application,29,7,0,0,6,2,1,2,1,2
Unit Test Coverage Report/atlasmap-standalone,io.atlasmap.standalone,RoutingConfiguration,0,12,0,0,0,4,0,2,0,2
Unit Test Coverage Report/atlasmap-standalone,io.atlasmap.standalone,JaxrsApplication,0,27,0,0,0,7,0,7,0,7
Unit Test Coverage Report/atlasmap-standalone,io.atlasmap.standalone,AtlasMapXsrfRepository,0,70,3,5,0,13,3,8,0,7
Unit Test Coverage Report/atlasmap-standalone,io.atlasmap.standalone,CorsConfiguration,0,67,0,0,0,11,0,5,0,5
